<?xml version="1.0" encoding="UTF-8"?>
<testsuite name="请求验证测试" tests="5" skipped="0" failures="0" errors="0" timestamp="2026-03-29T09:22:49" hostname="m1" time="0.043">
  <properties/>
  <testcase name="无效 JSON 应返回错误" classname="com.example.ruleengine.controller.DecisionControllerTest$RequestValidationTests" time="0.006"/>
  <testcase name="缺少 ruleId 的请求应返回错误" classname="com.example.ruleengine.controller.DecisionControllerTest$RequestValidationTests" time="0.012"/>
  <testcase name="缺少 Content-Type 应返回错误" classname="com.example.ruleengine.controller.DecisionControllerTest$RequestValidationTests" time="0.003"/>
  <testcase name="空请求体应返回错误" classname="com.example.ruleengine.controller.DecisionControllerTest$RequestValidationTests" time="0.013"/>
  <testcase name="错误的 Content-Type 应返回错误" classname="com.example.ruleengine.controller.DecisionControllerTest$RequestValidationTests" time="0.003"/>
  <system-out><![CDATA[2026-03-29 17:22:49.053 [Test worker] INFO  o.s.t.c.s.AnnotationConfigContextLoaderUtils - Could not detect default configuration classes for test class [com.example.ruleengine.controller.DecisionControllerTest$RequestValidationTests]: RequestValidationTests does not declare any static, non-private, non-final, nested classes annotated with @Configuration.
2026-03-29 17:22:49.061 [Test worker] INFO  o.s.b.t.c.SpringBootTestContextBootstrapper - Found @SpringBootConfiguration com.example.ruleengine.RuleEngineApplication for test class com.example.ruleengine.controller.DecisionControllerTest$RequestValidationTests
2026-03-29 17:22:49.068 [Test worker] WARN  o.s.w.s.m.s.DefaultHandlerExceptionResolver - Resolved [org.springframework.http.converter.HttpMessageNotReadableException: JSON parse error: Unexpected character ('i' (code 105)): was expecting double-quote to start field name]
2026-03-29 17:22:49.081 [Test worker] WARN  o.s.w.s.m.s.DefaultHandlerExceptionResolver - Resolved [org.springframework.web.bind.MethodArgumentNotValidException: Validation failed for argument [0] in public org.springframework.http.ResponseEntity<com.example.ruleengine.model.DecisionResponse> com.example.ruleengine.controller.DecisionController.decide(com.example.ruleengine.model.DecisionRequest): [Field error in object 'decisionRequest' on field 'ruleId': rejected value [null]; codes [NotBlank.decisionRequest.ruleId,NotBlank.ruleId,NotBlank.java.lang.String,NotBlank]; arguments [org.springframework.context.support.DefaultMessageSourceResolvable: codes [decisionRequest.ruleId,ruleId]; arguments []; default message [ruleId]]; default message [规则ID不能为空]] ]
2026-03-29 17:22:49.086 [Test worker] WARN  o.s.w.s.m.s.DefaultHandlerExceptionResolver - Resolved [org.springframework.web.HttpMediaTypeNotSupportedException: Content-Type is not supported]
2026-03-29 17:22:49.101 [Test worker] WARN  o.s.w.s.m.s.DefaultHandlerExceptionResolver - Resolved [org.springframework.web.bind.MethodArgumentNotValidException: Validation failed for argument [0] in public org.springframework.http.ResponseEntity<com.example.ruleengine.model.DecisionResponse> com.example.ruleengine.controller.DecisionController.decide(com.example.ruleengine.model.DecisionRequest) with 2 errors: [Field error in object 'decisionRequest' on field 'script': rejected value [null]; codes [NotNull.decisionRequest.script,NotNull.script,NotNull.java.lang.String,NotNull]; arguments [org.springframework.context.support.DefaultMessageSourceResolvable: codes [decisionRequest.script,script]; arguments []; default message [script]]; default message [must not be null]] [Field error in object 'decisionRequest' on field 'ruleId': rejected value [null]; codes [NotBlank.decisionRequest.ruleId,NotBlank.ruleId,NotBlank.java.lang.String,NotBlank]; arguments [org.springframework.context.support.DefaultMessageSourceResolvable: codes [decisionRequest.ruleId,ruleId]; arguments []; default message [ruleId]]; default message [规则ID不能为空]] ]
2026-03-29 17:22:49.105 [Test worker] WARN  o.s.w.s.m.s.DefaultHandlerExceptionResolver - Resolved [org.springframework.web.HttpMediaTypeNotSupportedException: Content-Type 'text/plain' is not supported]
]]></system-out>
  <system-err><![CDATA[]]></system-err>
</testsuite>
