<?xml version="1.0" encoding="UTF-8"?>
<testsuite name="规则完整生命周期" tests="1" skipped="0" failures="0" errors="0" timestamp="2026-03-29T09:22:51" hostname="m1" time="0.787">
  <properties/>
  <testcase name="应完成 创建-&gt;查询-&gt;更新-&gt;启用-&gt;禁用-&gt;删除 完整生命周期" classname="com.example.ruleengine.controller.RuleControllerTest$RuleLifecycleTests" time="0.787"/>
  <system-out><![CDATA[2026-03-29 17:22:49.158 [Test worker] INFO  o.s.t.c.s.AnnotationConfigContextLoaderUtils - Could not detect default configuration classes for test class [com.example.ruleengine.controller.RuleControllerTest$RuleLifecycleTests]: RuleLifecycleTests does not declare any static, non-private, non-final, nested classes annotated with @Configuration.
2026-03-29 17:22:49.160 [Test worker] INFO  o.s.b.t.c.SpringBootTestContextBootstrapper - Found @SpringBootConfiguration com.example.ruleengine.RuleEngineApplication for test class com.example.ruleengine.controller.RuleControllerTest$RuleLifecycleTests
  .   ____          _            __ _ _
 /\\ / ___'_ __ _ _(_)_ __  __ _ \ \ \ \
( ( )\___ | '_ | '_| | '_ \/ _` | \ \ \ \
 \\/  ___)| |_)| | | | | || (_| |  ) ) ) )
  '  |____| .__|_| |_|_| |_\__, | / / / /
 =========|_|==============|___/=/_/_/_/

 :: Spring Boot ::                (v3.3.0)

2026-03-29 17:22:49.193 [Test worker] INFO  c.e.r.controller.RuleControllerTest - Starting RuleControllerTest using Java 17.0.5 with PID 32993 (started by leon in /Users/leon/Documents/Justforfun/another-rule-engine)
2026-03-29 17:22:49.193 [Test worker] DEBUG c.e.r.controller.RuleControllerTest - Running with Spring Boot v3.3.0, Spring v6.1.8
2026-03-29 17:22:49.193 [Test worker] INFO  c.e.r.controller.RuleControllerTest - The following 1 profile is active: "test"
2026-03-29 17:22:49.746 [Test worker] WARN  org.hibernate.orm.deprecation - HHH90000025: H2Dialect does not need to be specified explicitly using 'hibernate.dialect' (remove the property setting and it will be selected by default)
2026-03-29 17:22:49.857 [Test worker] DEBUG org.hibernate.SQL - 
    drop table if exists audit_logs cascade 
Hibernate: 
    drop table if exists audit_logs cascade 
2026-03-29 17:22:49.859 [Test worker] DEBUG org.hibernate.SQL - 
    drop table if exists rule_versions cascade 
Hibernate: 
    drop table if exists rule_versions cascade 
2026-03-29 17:22:49.860 [Test worker] DEBUG org.hibernate.SQL - 
    drop table if exists rules cascade 
Hibernate: 
    drop table if exists rules cascade 
2026-03-29 17:22:49.861 [Test worker] DEBUG org.hibernate.SQL - 
    create table audit_logs (
        id bigint generated by default as identity,
        operation_time timestamp(6) not null,
        operation varchar(50) not null,
        operator_ip varchar(50),
        status varchar(50) not null,
        entity_type varchar(100) not null,
        request_id varchar(100),
        entity_id varchar(255) not null,
        error_message TEXT,
        operation_detail TEXT,
        operator varchar(255) not null,
        primary key (id)
    )
Hibernate: 
    create table audit_logs (
        id bigint generated by default as identity,
        operation_time timestamp(6) not null,
        operation varchar(50) not null,
        operator_ip varchar(50),
        status varchar(50) not null,
        entity_type varchar(100) not null,
        request_id varchar(100),
        entity_id varchar(255) not null,
        error_message TEXT,
        operation_detail TEXT,
        operator varchar(255) not null,
        primary key (id)
    )
2026-03-29 17:22:49.862 [Test worker] DEBUG org.hibernate.SQL - 
    create table rule_versions (
        is_rollback boolean,
        rollback_from_version integer,
        version integer not null,
        changed_at timestamp(6) not null,
        id bigint generated by default as identity,
        rule_id bigint not null,
        change_reason TEXT,
        changed_by varchar(255) not null,
        groovy_script TEXT not null,
        rule_key varchar(255) not null,
        primary key (id)
    )
Hibernate: 
    create table rule_versions (
        is_rollback boolean,
        rollback_from_version integer,
        version integer not null,
        changed_at timestamp(6) not null,
        id bigint generated by default as identity,
        rule_id bigint not null,
        change_reason TEXT,
        changed_by varchar(255) not null,
        groovy_script TEXT not null,
        rule_key varchar(255) not null,
        primary key (id)
    )
2026-03-29 17:22:49.864 [Test worker] DEBUG org.hibernate.SQL - 
    create table rules (
        enabled boolean not null,
        version integer not null,
        created_at timestamp(6) not null,
        id bigint generated by default as identity,
        opt_lock_version bigint,
        updated_at timestamp(6),
        created_by varchar(255) not null,
        groovy_script TEXT not null,
        rule_description TEXT,
        rule_key varchar(255) not null unique,
        rule_name varchar(255) not null,
        updated_by varchar(255),
        status enum ('ACTIVE','ARCHIVED','DELETED','DRAFT') not null,
        primary key (id)
    )
Hibernate: 
    create table rules (
        enabled boolean not null,
        version integer not null,
        created_at timestamp(6) not null,
        id bigint generated by default as identity,
        opt_lock_version bigint,
        updated_at timestamp(6),
        created_by varchar(255) not null,
        groovy_script TEXT not null,
        rule_description TEXT,
        rule_key varchar(255) not null unique,
        rule_name varchar(255) not null,
        updated_by varchar(255),
        status enum ('ACTIVE','ARCHIVED','DELETED','DRAFT') not null,
        primary key (id)
    )
2026-03-29 17:22:49.866 [Test worker] DEBUG org.hibernate.SQL - 
    alter table if exists rule_versions 
       add constraint FKha7d16usy4jog757ei0e8apc7 
       foreign key (rule_id) 
       references rules
Hibernate: 
    alter table if exists rule_versions 
       add constraint FKha7d16usy4jog757ei0e8apc7 
       foreign key (rule_id) 
       references rules
2026-03-29 17:22:50.143 [Test worker] INFO  c.e.ruleengine.cache.CacheWarmer - 开始预热缓存...
2026-03-29 17:22:50.144 [Test worker] DEBUG org.hibernate.SQL - 
    select
        r1_0.id,
        r1_0.created_at,
        r1_0.created_by,
        r1_0.enabled,
        r1_0.groovy_script,
        r1_0.opt_lock_version,
        r1_0.rule_description,
        r1_0.rule_key,
        r1_0.rule_name,
        r1_0.status,
        r1_0.updated_at,
        r1_0.updated_by,
        r1_0.version 
    from
        rules r1_0 
    where
        r1_0.status=? 
        and r1_0.enabled
Hibernate: 
    select
        r1_0.id,
        r1_0.created_at,
        r1_0.created_by,
        r1_0.enabled,
        r1_0.groovy_script,
        r1_0.opt_lock_version,
        r1_0.rule_description,
        r1_0.rule_key,
        r1_0.rule_name,
        r1_0.status,
        r1_0.updated_at,
        r1_0.updated_by,
        r1_0.version 
    from
        rules r1_0 
    where
        r1_0.status=? 
        and r1_0.enabled
2026-03-29 17:22:50.188 [Test worker] INFO  c.e.ruleengine.cache.CacheWarmer - 预加载 0 条生效中的规则到缓存
2026-03-29 17:22:50.188 [Test worker] INFO  c.e.ruleengine.cache.CacheWarmer - 缓存预热完成: 0/0 成功
2026-03-29 17:22:50.188 [Test worker] INFO  c.e.ruleengine.cache.CacheWarmer - 缓存预热完成
2026-03-29 17:22:50.430 [Test worker] WARN  o.s.b.a.o.j.JpaBaseConfiguration$JpaWebConfiguration - spring.jpa.open-in-view is enabled by default. Therefore, database queries may be performed during view rendering. Explicitly configure spring.jpa.open-in-view to disable this warning
2026-03-29 17:22:51.062 [scheduling-1] DEBUG c.e.ruleengine.cache.CacheWarmer - 定时预热缓存
2026-03-29 17:22:51.063 [Test worker] INFO  c.e.r.controller.RuleControllerTest - Started RuleControllerTest in 1.901 seconds (process running for 12.798)
2026-03-29 17:22:51.064 [scheduling-1] DEBUG org.hibernate.SQL - 
    select
        r1_0.id,
        r1_0.created_at,
        r1_0.created_by,
        r1_0.enabled,
        r1_0.groovy_script,
        r1_0.opt_lock_version,
        r1_0.rule_description,
        r1_0.rule_key,
        r1_0.rule_name,
        r1_0.status,
        r1_0.updated_at,
        r1_0.updated_by,
        r1_0.version 
    from
        rules r1_0 
    where
        r1_0.status=? 
        and r1_0.enabled
Hibernate: 
    select
        r1_0.id,
        r1_0.created_at,
        r1_0.created_by,
        r1_0.enabled,
        r1_0.groovy_script,
        r1_0.opt_lock_version,
        r1_0.rule_description,
        r1_0.rule_key,
        r1_0.rule_name,
        r1_0.status,
        r1_0.updated_at,
        r1_0.updated_by,
        r1_0.version 
    from
        rules r1_0 
    where
        r1_0.status=? 
        and r1_0.enabled
2026-03-29 17:22:51.065 [scheduling-1] INFO  c.e.ruleengine.cache.CacheWarmer - 预加载 0 条生效中的规则到缓存
2026-03-29 17:22:51.065 [scheduling-1] INFO  c.e.ruleengine.cache.CacheWarmer - 缓存预热完成: 0/0 成功
2026-03-29 17:22:51.069 [Test worker] DEBUG org.hibernate.SQL - 
    delete 
    from
        rule_versions rv1_0
Hibernate: 
    delete 
    from
        rule_versions rv1_0
2026-03-29 17:22:51.071 [Test worker] DEBUG org.hibernate.SQL - 
    delete 
    from
        rules r1_0
Hibernate: 
    delete 
    from
        rules r1_0
2026-03-29 17:22:51.096 [Test worker] INFO  c.e.r.controller.RuleController - 创建规则: ruleKey=lifecycle_rule, operator=lifecycle_tester
2026-03-29 17:22:51.103 [Test worker] WARN  c.e.ruleengine.aspect.AuditLogAspect - SpEL 表达式评估失败: #request.ruleKey
org.springframework.expression.spel.SpelEvaluationException: EL1007E: Property or field 'ruleKey' cannot be found on null
	at org.springframework.expression.spel.ast.PropertyOrFieldReference.readProperty(PropertyOrFieldReference.java:225)
	at org.springframework.expression.spel.ast.PropertyOrFieldReference.getValueInternal(PropertyOrFieldReference.java:112)
	at org.springframework.expression.spel.ast.PropertyOrFieldReference$AccessorValueRef.getValue(PropertyOrFieldReference.java:417)
	at org.springframework.expression.spel.ast.CompoundExpression.getValueInternal(CompoundExpression.java:97)
	at org.springframework.expression.spel.ast.SpelNodeImpl.getValue(SpelNodeImpl.java:114)
	at org.springframework.expression.spel.standard.SpelExpression.getValue(SpelExpression.java:273)
	at com.example.ruleengine.aspect.AuditLogAspect.evaluateSpel(AuditLogAspect.java:116)
	at com.example.ruleengine.aspect.AuditLogAspect.auditMethod(AuditLogAspect.java:56)
	at java.base/jdk.internal.reflect.NativeMethodAccessorImpl.invoke0(Native Method)
	at java.base/jdk.internal.reflect.NativeMethodAccessorImpl.invoke(NativeMethodAccessorImpl.java:77)
	at java.base/jdk.internal.reflect.DelegatingMethodAccessorImpl.invoke(DelegatingMethodAccessorImpl.java:43)
	at java.base/java.lang.reflect.Method.invoke(Method.java:568)
	at org.springframework.aop.aspectj.AbstractAspectJAdvice.invokeAdviceMethodWithGivenArgs(AbstractAspectJAdvice.java:637)
	at org.springframework.aop.aspectj.AbstractAspectJAdvice.invokeAdviceMethod(AbstractAspectJAdvice.java:627)
	at org.springframework.aop.aspectj.AspectJAroundAdvice.invoke(AspectJAroundAdvice.java:71)
	at org.springframework.aop.framework.ReflectiveMethodInvocation.proceed(ReflectiveMethodInvocation.java:173)
	at org.springframework.aop.framework.CglibAopProxy$CglibMethodInvocation.proceed(CglibAopProxy.java:768)
	at org.springframework.transaction.interceptor.TransactionInterceptor$1.proceedWithInvocation(TransactionInterceptor.java:123)
	at org.springframework.transaction.interceptor.TransactionAspectSupport.invokeWithinTransaction(TransactionAspectSupport.java:392)
	at org.springframework.transaction.interceptor.TransactionInterceptor.invoke(TransactionInterceptor.java:119)
	at org.springframework.aop.framework.ReflectiveMethodInvocation.proceed(ReflectiveMethodInvocation.java:184)
	at org.springframework.aop.framework.CglibAopProxy$CglibMethodInvocation.proceed(CglibAopProxy.java:768)
	at org.springframework.aop.interceptor.ExposeInvocationInterceptor.invoke(ExposeInvocationInterceptor.java:97)
	at org.springframework.aop.framework.ReflectiveMethodInvocation.proceed(ReflectiveMethodInvocation.java:184)
	at org.springframework.aop.framework.CglibAopProxy$CglibMethodInvocation.proceed(CglibAopProxy.java:768)
	at org.springframework.aop.framework.CglibAopProxy$DynamicAdvisedInterceptor.intercept(CglibAopProxy.java:720)
	at com.example.ruleengine.service.lifecycle.RuleLifecycleService$$SpringCGLIB$$0.createRule(<generated>)
	at com.example.ruleengine.controller.RuleController.createRule(RuleController.java:40)
	at java.base/jdk.internal.reflect.NativeMethodAccessorImpl.invoke0(Native Method)
	at java.base/jdk.internal.reflect.NativeMethodAccessorImpl.invoke(NativeMethodAccessorImpl.java:77)
	at java.base/jdk.internal.reflect.DelegatingMethodAccessorImpl.invoke(DelegatingMethodAccessorImpl.java:43)
	at java.base/java.lang.reflect.Method.invoke(Method.java:568)
	at org.springframework.web.method.support.InvocableHandlerMethod.doInvoke(InvocableHandlerMethod.java:255)
	at org.springframework.web.method.support.InvocableHandlerMethod.invokeForRequest(InvocableHandlerMethod.java:188)
	at org.springframework.web.servlet.mvc.method.annotation.ServletInvocableHandlerMethod.invokeAndHandle(ServletInvocableHandlerMethod.java:118)
	at org.springframework.web.servlet.mvc.method.annotation.RequestMappingHandlerAdapter.invokeHandlerMethod(RequestMappingHandlerAdapter.java:926)
	at org.springframework.web.servlet.mvc.method.annotation.RequestMappingHandlerAdapter.handleInternal(RequestMappingHandlerAdapter.java:831)
	at org.springframework.web.servlet.mvc.method.AbstractHandlerMethodAdapter.handle(AbstractHandlerMethodAdapter.java:87)
	at org.springframework.web.servlet.DispatcherServlet.doDispatch(DispatcherServlet.java:1089)
	at org.springframework.web.servlet.DispatcherServlet.doService(DispatcherServlet.java:979)
	at org.springframework.web.servlet.FrameworkServlet.processRequest(FrameworkServlet.java:1014)
	at org.springframework.web.servlet.FrameworkServlet.doPost(FrameworkServlet.java:914)
	at jakarta.servlet.http.HttpServlet.service(HttpServlet.java:590)
	at org.springframework.web.servlet.FrameworkServlet.service(FrameworkServlet.java:885)
	at org.springframework.test.web.servlet.TestDispatcherServlet.service(TestDispatcherServlet.java:72)
	at jakarta.servlet.http.HttpServlet.service(HttpServlet.java:658)
	at org.springframework.mock.web.MockFilterChain$ServletFilterProxy.doFilter(MockFilterChain.java:165)
	at org.springframework.mock.web.MockFilterChain.doFilter(MockFilterChain.java:132)
	at org.springframework.web.filter.RequestContextFilter.doFilterInternal(RequestContextFilter.java:100)
	at org.springframework.web.filter.OncePerRequestFilter.doFilter(OncePerRequestFilter.java:116)
	at org.springframework.test.web.servlet.setup.MockMvcFilterDecorator.doFilter(MockMvcFilterDecorator.java:151)
	at org.springframework.mock.web.MockFilterChain.doFilter(MockFilterChain.java:132)
	at org.springframework.web.filter.FormContentFilter.doFilterInternal(FormContentFilter.java:93)
	at org.springframework.web.filter.OncePerRequestFilter.doFilter(OncePerRequestFilter.java:116)
	at org.springframework.test.web.servlet.setup.MockMvcFilterDecorator.doFilter(MockMvcFilterDecorator.java:151)
	at org.springframework.mock.web.MockFilterChain.doFilter(MockFilterChain.java:132)
	at org.springframework.web.filter.ServerHttpObservationFilter.doFilterInternal(ServerHttpObservationFilter.java:109)
	at org.springframework.web.filter.OncePerRequestFilter.doFilter(OncePerRequestFilter.java:116)
	at org.springframework.test.web.servlet.setup.MockMvcFilterDecorator.doFilter(MockMvcFilterDecorator.java:151)
	at org.springframework.mock.web.MockFilterChain.doFilter(MockFilterChain.java:132)
	at org.springframework.web.filter.CharacterEncodingFilter.doFilterInternal(CharacterEncodingFilter.java:201)
	at org.springframework.web.filter.OncePerRequestFilter.doFilter(OncePerRequestFilter.java:116)
	at org.springframework.test.web.servlet.setup.MockMvcFilterDecorator.doFilter(MockMvcFilterDecorator.java:151)
	at org.springframework.mock.web.MockFilterChain.doFilter(MockFilterChain.java:132)
	at org.springframework.test.web.servlet.MockMvc.perform(MockMvc.java:201)
	at com.example.ruleengine.controller.RuleControllerTest$RuleLifecycleTests.shouldCompleteFullLifecycle(RuleControllerTest.java:519)
	at java.base/jdk.internal.reflect.NativeMethodAccessorImpl.invoke0(Native Method)
	at java.base/jdk.internal.reflect.NativeMethodAccessorImpl.invoke(NativeMethodAccessorImpl.java:77)
	at java.base/jdk.internal.reflect.DelegatingMethodAccessorImpl.invoke(DelegatingMethodAccessorImpl.java:43)
	at java.base/java.lang.reflect.Method.invoke(Method.java:568)
	at org.junit.platform.commons.util.ReflectionUtils.invokeMethod(ReflectionUtils.java:728)
	at org.junit.jupiter.engine.execution.MethodInvocation.proceed(MethodInvocation.java:60)
	at org.junit.jupiter.engine.execution.InvocationInterceptorChain$ValidatingInvocation.proceed(InvocationInterceptorChain.java:131)
	at org.junit.jupiter.engine.extension.TimeoutExtension.intercept(TimeoutExtension.java:156)
	at org.junit.jupiter.engine.extension.TimeoutExtension.interceptTestableMethod(TimeoutExtension.java:147)
	at org.junit.jupiter.engine.extension.TimeoutExtension.interceptTestMethod(TimeoutExtension.java:86)
	at org.junit.jupiter.engine.execution.InterceptingExecutableInvoker$ReflectiveInterceptorCall.lambda$ofVoidMethod$0(InterceptingExecutableInvoker.java:103)
	at org.junit.jupiter.engine.execution.InterceptingExecutableInvoker.lambda$invoke$0(InterceptingExecutableInvoker.java:93)
	at org.junit.jupiter.engine.execution.InvocationInterceptorChain$InterceptedInvocation.proceed(InvocationInterceptorChain.java:106)
	at org.junit.jupiter.engine.execution.InvocationInterceptorChain.proceed(InvocationInterceptorChain.java:64)
	at org.junit.jupiter.engine.execution.InvocationInterceptorChain.chainAndInvoke(InvocationInterceptorChain.java:45)
	at org.junit.jupiter.engine.execution.InvocationInterceptorChain.invoke(InvocationInterceptorChain.java:37)
	at org.junit.jupiter.engine.execution.InterceptingExecutableInvoker.invoke(InterceptingExecutableInvoker.java:92)
	at org.junit.jupiter.engine.execution.InterceptingExecutableInvoker.invoke(InterceptingExecutableInvoker.java:86)
	at org.junit.jupiter.engine.descriptor.TestMethodTestDescriptor.lambda$invokeTestMethod$7(TestMethodTestDescriptor.java:218)
	at org.junit.platform.engine.support.hierarchical.ThrowableCollector.execute(ThrowableCollector.java:73)
	at org.junit.jupiter.engine.descriptor.TestMethodTestDescriptor.invokeTestMethod(TestMethodTestDescriptor.java:214)
	at org.junit.jupiter.engine.descriptor.TestMethodTestDescriptor.execute(TestMethodTestDescriptor.java:139)
	at org.junit.jupiter.engine.descriptor.TestMethodTestDescriptor.execute(TestMethodTestDescriptor.java:69)
	at org.junit.platform.engine.support.hierarchical.NodeTestTask.lambda$executeRecursively$6(NodeTestTask.java:151)
	at org.junit.platform.engine.support.hierarchical.ThrowableCollector.execute(ThrowableCollector.java:73)
	at org.junit.platform.engine.support.hierarchical.NodeTestTask.lambda$executeRecursively$8(NodeTestTask.java:141)
	at org.junit.platform.engine.support.hierarchical.Node.around(Node.java:137)
	at org.junit.platform.engine.support.hierarchical.NodeTestTask.lambda$executeRecursively$9(NodeTestTask.java:139)
	at org.junit.platform.engine.support.hierarchical.ThrowableCollector.execute(ThrowableCollector.java:73)
	at org.junit.platform.engine.support.hierarchical.NodeTestTask.executeRecursively(NodeTestTask.java:138)
	at org.junit.platform.engine.support.hierarchical.NodeTestTask.execute(NodeTestTask.java:95)
	at java.base/java.util.ArrayList.forEach(ArrayList.java:1511)
	at org.junit.platform.engine.support.hierarchical.SameThreadHierarchicalTestExecutorService.invokeAll(SameThreadHierarchicalTestExecutorService.java:41)
	at org.junit.platform.engine.support.hierarchical.NodeTestTask.lambda$executeRecursively$6(NodeTestTask.java:155)
	at org.junit.platform.engine.support.hierarchical.ThrowableCollector.execute(ThrowableCollector.java:73)
	at org.junit.platform.engine.support.hierarchical.NodeTestTask.lambda$executeRecursively$8(NodeTestTask.java:141)
	at org.junit.platform.engine.support.hierarchical.Node.around(Node.java:137)
	at org.junit.platform.engine.support.hierarchical.NodeTestTask.lambda$executeRecursively$9(NodeTestTask.java:139)
	at org.junit.platform.engine.support.hierarchical.ThrowableCollector.execute(ThrowableCollector.java:73)
	at org.junit.platform.engine.support.hierarchical.NodeTestTask.executeRecursively(NodeTestTask.java:138)
	at org.junit.platform.engine.support.hierarchical.NodeTestTask.execute(NodeTestTask.java:95)
	at java.base/java.util.ArrayList.forEach(ArrayList.java:1511)
	at org.junit.platform.engine.support.hierarchical.SameThreadHierarchicalTestExecutorService.invokeAll(SameThreadHierarchicalTestExecutorService.java:41)
	at org.junit.platform.engine.support.hierarchical.NodeTestTask.lambda$executeRecursively$6(NodeTestTask.java:155)
	at org.junit.platform.engine.support.hierarchical.ThrowableCollector.execute(ThrowableCollector.java:73)
	at org.junit.platform.engine.support.hierarchical.NodeTestTask.lambda$executeRecursively$8(NodeTestTask.java:141)
	at org.junit.platform.engine.support.hierarchical.Node.around(Node.java:137)
	at org.junit.platform.engine.support.hierarchical.NodeTestTask.lambda$executeRecursively$9(NodeTestTask.java:139)
	at org.junit.platform.engine.support.hierarchical.ThrowableCollector.execute(ThrowableCollector.java:73)
	at org.junit.platform.engine.support.hierarchical.NodeTestTask.executeRecursively(NodeTestTask.java:138)
	at org.junit.platform.engine.support.hierarchical.NodeTestTask.execute(NodeTestTask.java:95)
	at java.base/java.util.ArrayList.forEach(ArrayList.java:1511)
	at org.junit.platform.engine.support.hierarchical.SameThreadHierarchicalTestExecutorService.invokeAll(SameThreadHierarchicalTestExecutorService.java:41)
	at org.junit.platform.engine.support.hierarchical.NodeTestTask.lambda$executeRecursively$6(NodeTestTask.java:155)
	at org.junit.platform.engine.support.hierarchical.ThrowableCollector.execute(ThrowableCollector.java:73)
	at org.junit.platform.engine.support.hierarchical.NodeTestTask.lambda$executeRecursively$8(NodeTestTask.java:141)
	at org.junit.platform.engine.support.hierarchical.Node.around(Node.java:137)
	at org.junit.platform.engine.support.hierarchical.NodeTestTask.lambda$executeRecursively$9(NodeTestTask.java:139)
	at org.junit.platform.engine.support.hierarchical.ThrowableCollector.execute(ThrowableCollector.java:73)
	at org.junit.platform.engine.support.hierarchical.NodeTestTask.executeRecursively(NodeTestTask.java:138)
	at org.junit.platform.engine.support.hierarchical.NodeTestTask.execute(NodeTestTask.java:95)
	at org.junit.platform.engine.support.hierarchical.SameThreadHierarchicalTestExecutorService.submit(SameThreadHierarchicalTestExecutorService.java:35)
	at org.junit.platform.engine.support.hierarchical.HierarchicalTestExecutor.execute(HierarchicalTestExecutor.java:57)
	at org.junit.platform.engine.support.hierarchical.HierarchicalTestEngine.execute(HierarchicalTestEngine.java:54)
	at org.junit.platform.launcher.core.EngineExecutionOrchestrator.execute(EngineExecutionOrchestrator.java:107)
	at org.junit.platform.launcher.core.EngineExecutionOrchestrator.execute(EngineExecutionOrchestrator.java:88)
	at org.junit.platform.launcher.core.EngineExecutionOrchestrator.lambda$execute$0(EngineExecutionOrchestrator.java:54)
	at org.junit.platform.launcher.core.EngineExecutionOrchestrator.withInterceptedStreams(EngineExecutionOrchestrator.java:67)
	at org.junit.platform.launcher.core.EngineExecutionOrchestrator.execute(EngineExecutionOrchestrator.java:52)
	at org.junit.platform.launcher.core.DefaultLauncher.execute(DefaultLauncher.java:114)
	at org.junit.platform.launcher.core.DefaultLauncher.execute(DefaultLauncher.java:86)
	at org.junit.platform.launcher.core.DefaultLauncherSession$DelegatingLauncher.execute(DefaultLauncherSession.java:86)
	at org.gradle.api.internal.tasks.testing.junitplatform.JUnitPlatformTestClassProcessor$CollectAllTestClassesExecutor.processAllTestClasses(JUnitPlatformTestClassProcessor.java:119)
	at org.gradle.api.internal.tasks.testing.junitplatform.JUnitPlatformTestClassProcessor$CollectAllTestClassesExecutor.access$000(JUnitPlatformTestClassProcessor.java:94)
	at org.gradle.api.internal.tasks.testing.junitplatform.JUnitPlatformTestClassProcessor.stop(JUnitPlatformTestClassProcessor.java:89)
	at org.gradle.api.internal.tasks.testing.SuiteTestClassProcessor.stop(SuiteTestClassProcessor.java:62)
	at java.base/jdk.internal.reflect.NativeMethodAccessorImpl.invoke0(Native Method)
	at java.base/jdk.internal.reflect.NativeMethodAccessorImpl.invoke(NativeMethodAccessorImpl.java:77)
	at java.base/jdk.internal.reflect.DelegatingMethodAccessorImpl.invoke(DelegatingMethodAccessorImpl.java:43)
	at java.base/java.lang.reflect.Method.invoke(Method.java:568)
	at org.gradle.internal.dispatch.ReflectionDispatch.dispatch(ReflectionDispatch.java:36)
	at org.gradle.internal.dispatch.ReflectionDispatch.dispatch(ReflectionDispatch.java:24)
	at org.gradle.internal.dispatch.ContextClassLoaderDispatch.dispatch(ContextClassLoaderDispatch.java:33)
	at org.gradle.internal.dispatch.ProxyDispatchAdapter$DispatchingInvocationHandler.invoke(ProxyDispatchAdapter.java:94)
	at jdk.proxy2/jdk.proxy2.$Proxy5.stop(Unknown Source)
	at org.gradle.api.internal.tasks.testing.worker.TestWorker$3.run(TestWorker.java:193)
	at org.gradle.api.internal.tasks.testing.worker.TestWorker.executeAndMaintainThreadName(TestWorker.java:129)
	at org.gradle.api.internal.tasks.testing.worker.TestWorker.execute(TestWorker.java:100)
	at org.gradle.api.internal.tasks.testing.worker.TestWorker.execute(TestWorker.java:60)
	at org.gradle.process.internal.worker.child.ActionExecutionWorker.execute(ActionExecutionWorker.java:56)
	at org.gradle.process.internal.worker.child.SystemApplicationClassLoaderWorker.call(SystemApplicationClassLoaderWorker.java:113)
	at org.gradle.process.internal.worker.child.SystemApplicationClassLoaderWorker.call(SystemApplicationClassLoaderWorker.java:65)
	at worker.org.gradle.process.internal.worker.GradleWorkerMain.run(GradleWorkerMain.java:69)
	at worker.org.gradle.process.internal.worker.GradleWorkerMain.main(GradleWorkerMain.java:74)
2026-03-29 17:22:51.112 [Test worker] DEBUG org.hibernate.SQL - 
    select
        r1_0.id 
    from
        rules r1_0 
    where
        r1_0.rule_key=? 
    fetch
        first ? rows only
Hibernate: 
    select
        r1_0.id 
    from
        rules r1_0 
    where
        r1_0.rule_key=? 
    fetch
        first ? rows only
2026-03-29 17:22:51.697 [Test worker] DEBUG org.hibernate.SQL - 
    insert 
    into
        rules
        (created_at, created_by, enabled, groovy_script, opt_lock_version, rule_description, rule_key, rule_name, status, updated_at, updated_by, version, id) 
    values
        (?, ?, ?, ?, ?, ?, ?, ?, ?, ?, ?, ?, default)
Hibernate: 
    insert 
    into
        rules
        (created_at, created_by, enabled, groovy_script, opt_lock_version, rule_description, rule_key, rule_name, status, updated_at, updated_by, version, id) 
    values
        (?, ?, ?, ?, ?, ?, ?, ?, ?, ?, ?, ?, default)
2026-03-29 17:22:51.699 [Test worker] INFO  c.e.r.s.l.RuleLifecycleService - 创建规则: ruleKey=lifecycle_rule, operator=lifecycle_tester
2026-03-29 17:22:51.708 [SimpleAsyncTaskExecutor-1] DEBUG org.hibernate.SQL - 
    insert 
    into
        audit_logs
        (entity_id, entity_type, error_message, operation, operation_detail, operation_time, operator, operator_ip, request_id, status, id) 
    values
        (?, ?, ?, ?, ?, ?, ?, ?, ?, ?, default)
Hibernate: 
    insert 
    into
        audit_logs
        (entity_id, entity_type, error_message, operation, operation_detail, operation_time, operator, operator_ip, request_id, status, id) 
    values
        (?, ?, ?, ?, ?, ?, ?, ?, ?, ?, default)
2026-03-29 17:22:51.744 [Test worker] DEBUG org.hibernate.SQL - 
    select
        r1_0.id,
        r1_0.created_at,
        r1_0.created_by,
        r1_0.enabled,
        r1_0.groovy_script,
        r1_0.opt_lock_version,
        r1_0.rule_description,
        r1_0.rule_key,
        r1_0.rule_name,
        r1_0.status,
        r1_0.updated_at,
        r1_0.updated_by,
        r1_0.version 
    from
        rules r1_0 
    where
        r1_0.rule_key=?
Hibernate: 
    select
        r1_0.id,
        r1_0.created_at,
        r1_0.created_by,
        r1_0.enabled,
        r1_0.groovy_script,
        r1_0.opt_lock_version,
        r1_0.rule_description,
        r1_0.rule_key,
        r1_0.rule_name,
        r1_0.status,
        r1_0.updated_at,
        r1_0.updated_by,
        r1_0.version 
    from
        rules r1_0 
    where
        r1_0.rule_key=?
2026-03-29 17:22:51.754 [Test worker] INFO  c.e.r.controller.RuleController - 更新规则: ruleKey=lifecycle_rule, operator=lifecycle_tester
2026-03-29 17:22:51.757 [Test worker] DEBUG org.hibernate.SQL - 
    select
        r1_0.id,
        r1_0.created_at,
        r1_0.created_by,
        r1_0.enabled,
        r1_0.groovy_script,
        r1_0.opt_lock_version,
        r1_0.rule_description,
        r1_0.rule_key,
        r1_0.rule_name,
        r1_0.status,
        r1_0.updated_at,
        r1_0.updated_by,
        r1_0.version 
    from
        rules r1_0 
    where
        r1_0.rule_key=?
Hibernate: 
    select
        r1_0.id,
        r1_0.created_at,
        r1_0.created_by,
        r1_0.enabled,
        r1_0.groovy_script,
        r1_0.opt_lock_version,
        r1_0.rule_description,
        r1_0.rule_key,
        r1_0.rule_name,
        r1_0.status,
        r1_0.updated_at,
        r1_0.updated_by,
        r1_0.version 
    from
        rules r1_0 
    where
        r1_0.rule_key=?
2026-03-29 17:22:51.760 [Test worker] INFO  c.e.r.s.l.RuleLifecycleService - 更新规则元数据: ruleKey=lifecycle_rule, operator=lifecycle_tester
2026-03-29 17:22:51.761 [SimpleAsyncTaskExecutor-2] DEBUG org.hibernate.SQL - 
    insert 
    into
        audit_logs
        (entity_id, entity_type, error_message, operation, operation_detail, operation_time, operator, operator_ip, request_id, status, id) 
    values
        (?, ?, ?, ?, ?, ?, ?, ?, ?, ?, default)
Hibernate: 
    insert 
    into
        audit_logs
        (entity_id, entity_type, error_message, operation, operation_detail, operation_time, operator, operator_ip, request_id, status, id) 
    values
        (?, ?, ?, ?, ?, ?, ?, ?, ?, ?, default)
2026-03-29 17:22:51.771 [Test worker] DEBUG org.hibernate.SQL - 
    update
        rules 
    set
        created_by=?,
        enabled=?,
        groovy_script=?,
        opt_lock_version=?,
        rule_description=?,
        rule_key=?,
        rule_name=?,
        status=?,
        updated_at=?,
        updated_by=?,
        version=? 
    where
        id=? 
        and opt_lock_version=?
Hibernate: 
    update
        rules 
    set
        created_by=?,
        enabled=?,
        groovy_script=?,
        opt_lock_version=?,
        rule_description=?,
        rule_key=?,
        rule_name=?,
        status=?,
        updated_at=?,
        updated_by=?,
        version=? 
    where
        id=? 
        and opt_lock_version=?
2026-03-29 17:22:51.782 [Test worker] INFO  c.e.r.controller.RuleController - 启用规则: ruleKey=lifecycle_rule, operator=lifecycle_tester
2026-03-29 17:22:51.799 [Test worker] DEBUG org.hibernate.SQL - 
    select
        r1_0.id,
        r1_0.created_at,
        r1_0.created_by,
        r1_0.enabled,
        r1_0.groovy_script,
        r1_0.opt_lock_version,
        r1_0.rule_description,
        r1_0.rule_key,
        r1_0.rule_name,
        r1_0.status,
        r1_0.updated_at,
        r1_0.updated_by,
        r1_0.version 
    from
        rules r1_0 
    where
        r1_0.rule_key=?
Hibernate: 
    select
        r1_0.id,
        r1_0.created_at,
        r1_0.created_by,
        r1_0.enabled,
        r1_0.groovy_script,
        r1_0.opt_lock_version,
        r1_0.rule_description,
        r1_0.rule_key,
        r1_0.rule_name,
        r1_0.status,
        r1_0.updated_at,
        r1_0.updated_by,
        r1_0.version 
    from
        rules r1_0 
    where
        r1_0.rule_key=?
2026-03-29 17:22:51.807 [SimpleAsyncTaskExecutor-3] DEBUG org.hibernate.SQL - 
    insert 
    into
        audit_logs
        (entity_id, entity_type, error_message, operation, operation_detail, operation_time, operator, operator_ip, request_id, status, id) 
    values
        (?, ?, ?, ?, ?, ?, ?, ?, ?, ?, default)
Hibernate: 
    insert 
    into
        audit_logs
        (entity_id, entity_type, error_message, operation, operation_detail, operation_time, operator, operator_ip, request_id, status, id) 
    values
        (?, ?, ?, ?, ?, ?, ?, ?, ?, ?, default)
2026-03-29 17:22:51.808 [Test worker] DEBUG org.hibernate.SQL - 
    update
        rules 
    set
        created_by=?,
        enabled=?,
        groovy_script=?,
        opt_lock_version=?,
        rule_description=?,
        rule_key=?,
        rule_name=?,
        status=?,
        updated_at=?,
        updated_by=?,
        version=? 
    where
        id=? 
        and opt_lock_version=?
Hibernate: 
    update
        rules 
    set
        created_by=?,
        enabled=?,
        groovy_script=?,
        opt_lock_version=?,
        rule_description=?,
        rule_key=?,
        rule_name=?,
        status=?,
        updated_at=?,
        updated_by=?,
        version=? 
    where
        id=? 
        and opt_lock_version=?
2026-03-29 17:22:51.819 [Test worker] INFO  c.e.r.controller.RuleController - 禁用规则: ruleKey=lifecycle_rule, operator=lifecycle_tester
2026-03-29 17:22:51.826 [Test worker] DEBUG org.hibernate.SQL - 
    select
        r1_0.id,
        r1_0.created_at,
        r1_0.created_by,
        r1_0.enabled,
        r1_0.groovy_script,
        r1_0.opt_lock_version,
        r1_0.rule_description,
        r1_0.rule_key,
        r1_0.rule_name,
        r1_0.status,
        r1_0.updated_at,
        r1_0.updated_by,
        r1_0.version 
    from
        rules r1_0 
    where
        r1_0.rule_key=?
Hibernate: 
    select
        r1_0.id,
        r1_0.created_at,
        r1_0.created_by,
        r1_0.enabled,
        r1_0.groovy_script,
        r1_0.opt_lock_version,
        r1_0.rule_description,
        r1_0.rule_key,
        r1_0.rule_name,
        r1_0.status,
        r1_0.updated_at,
        r1_0.updated_by,
        r1_0.version 
    from
        rules r1_0 
    where
        r1_0.rule_key=?
2026-03-29 17:22:51.830 [Test worker] DEBUG org.hibernate.SQL - 
    update
        rules 
    set
        created_by=?,
        enabled=?,
        groovy_script=?,
        opt_lock_version=?,
        rule_description=?,
        rule_key=?,
        rule_name=?,
        status=?,
        updated_at=?,
        updated_by=?,
        version=? 
    where
        id=? 
        and opt_lock_version=?
Hibernate: 
    update
        rules 
    set
        created_by=?,
        enabled=?,
        groovy_script=?,
        opt_lock_version=?,
        rule_description=?,
        rule_key=?,
        rule_name=?,
        status=?,
        updated_at=?,
        updated_by=?,
        version=? 
    where
        id=? 
        and opt_lock_version=?
2026-03-29 17:22:51.831 [SimpleAsyncTaskExecutor-4] DEBUG org.hibernate.SQL - 
    insert 
    into
        audit_logs
        (entity_id, entity_type, error_message, operation, operation_detail, operation_time, operator, operator_ip, request_id, status, id) 
    values
        (?, ?, ?, ?, ?, ?, ?, ?, ?, ?, default)
Hibernate: 
    insert 
    into
        audit_logs
        (entity_id, entity_type, error_message, operation, operation_detail, operation_time, operator, operator_ip, request_id, status, id) 
    values
        (?, ?, ?, ?, ?, ?, ?, ?, ?, ?, default)
2026-03-29 17:22:51.836 [Test worker] INFO  c.e.r.controller.RuleController - 删除规则: ruleKey=lifecycle_rule, operator=lifecycle_tester
2026-03-29 17:22:51.838 [Test worker] DEBUG org.hibernate.SQL - 
    select
        r1_0.id,
        r1_0.created_at,
        r1_0.created_by,
        r1_0.enabled,
        r1_0.groovy_script,
        r1_0.opt_lock_version,
        r1_0.rule_description,
        r1_0.rule_key,
        r1_0.rule_name,
        r1_0.status,
        r1_0.updated_at,
        r1_0.updated_by,
        r1_0.version 
    from
        rules r1_0 
    where
        r1_0.rule_key=?
Hibernate: 
    select
        r1_0.id,
        r1_0.created_at,
        r1_0.created_by,
        r1_0.enabled,
        r1_0.groovy_script,
        r1_0.opt_lock_version,
        r1_0.rule_description,
        r1_0.rule_key,
        r1_0.rule_name,
        r1_0.status,
        r1_0.updated_at,
        r1_0.updated_by,
        r1_0.version 
    from
        rules r1_0 
    where
        r1_0.rule_key=?
2026-03-29 17:22:51.840 [Test worker] DEBUG org.hibernate.SQL - 
    select
        r1_0.id,
        r1_0.created_at,
        r1_0.created_by,
        r1_0.enabled,
        r1_0.groovy_script,
        r1_0.opt_lock_version,
        r1_0.rule_description,
        r1_0.rule_key,
        r1_0.rule_name,
        r1_0.status,
        r1_0.updated_at,
        r1_0.updated_by,
        r1_0.version 
    from
        rules r1_0 
    where
        r1_0.rule_key=?
Hibernate: 
    select
        r1_0.id,
        r1_0.created_at,
        r1_0.created_by,
        r1_0.enabled,
        r1_0.groovy_script,
        r1_0.opt_lock_version,
        r1_0.rule_description,
        r1_0.rule_key,
        r1_0.rule_name,
        r1_0.status,
        r1_0.updated_at,
        r1_0.updated_by,
        r1_0.version 
    from
        rules r1_0 
    where
        r1_0.rule_key=?
2026-03-29 17:22:51.842 [Test worker] INFO  c.e.r.s.l.RuleLifecycleService - 删除规则: ruleKey=lifecycle_rule, operator=lifecycle_tester
2026-03-29 17:22:51.843 [Test worker] DEBUG org.hibernate.SQL - 
    update
        rules 
    set
        created_by=?,
        enabled=?,
        groovy_script=?,
        opt_lock_version=?,
        rule_description=?,
        rule_key=?,
        rule_name=?,
        status=?,
        updated_at=?,
        updated_by=?,
        version=? 
    where
        id=? 
        and opt_lock_version=?
Hibernate: 
    update
        rules 
    set
        created_by=?,
        enabled=?,
        groovy_script=?,
        opt_lock_version=?,
        rule_description=?,
        rule_key=?,
        rule_name=?,
        status=?,
        updated_at=?,
        updated_by=?,
        version=? 
    where
        id=? 
        and opt_lock_version=?
2026-03-29 17:22:51.843 [SimpleAsyncTaskExecutor-5] DEBUG org.hibernate.SQL - 
    insert 
    into
        audit_logs
        (entity_id, entity_type, error_message, operation, operation_detail, operation_time, operator, operator_ip, request_id, status, id) 
    values
        (?, ?, ?, ?, ?, ?, ?, ?, ?, ?, default)
Hibernate: 
    insert 
    into
        audit_logs
        (entity_id, entity_type, error_message, operation, operation_detail, operation_time, operator, operator_ip, request_id, status, id) 
    values
        (?, ?, ?, ?, ?, ?, ?, ?, ?, ?, default)
2026-03-29 17:22:51.850 [Test worker] DEBUG org.hibernate.SQL - 
    select
        r1_0.id,
        r1_0.created_at,
        r1_0.created_by,
        r1_0.enabled,
        r1_0.groovy_script,
        r1_0.opt_lock_version,
        r1_0.rule_description,
        r1_0.rule_key,
        r1_0.rule_name,
        r1_0.status,
        r1_0.updated_at,
        r1_0.updated_by,
        r1_0.version 
    from
        rules r1_0 
    where
        r1_0.rule_key=?
Hibernate: 
    select
        r1_0.id,
        r1_0.created_at,
        r1_0.created_by,
        r1_0.enabled,
        r1_0.groovy_script,
        r1_0.opt_lock_version,
        r1_0.rule_description,
        r1_0.rule_key,
        r1_0.rule_name,
        r1_0.status,
        r1_0.updated_at,
        r1_0.updated_by,
        r1_0.version 
    from
        rules r1_0 
    where
        r1_0.rule_key=?
]]></system-out>
  <system-err><![CDATA[]]></system-err>
</testsuite>
