<?xml version="1.0" encoding="UTF-8"?>
<testsuite name="边界条件测试" tests="3" skipped="0" failures="0" errors="0" timestamp="2026-03-29T09:22:55" hostname="m1" time="0.005">
  <properties/>
  <testcase name="空特征列表应正常工作" classname="com.example.ruleengine.service.RuleExecutionServiceTest$EdgeCaseTests" time="0.001"/>
  <testcase name="默认超时时间应为 50ms" classname="com.example.ruleengine.service.RuleExecutionServiceTest$EdgeCaseTests" time="0.002"/>
  <testcase name="特征获取时间应限制在 20ms 内" classname="com.example.ruleengine.service.RuleExecutionServiceTest$EdgeCaseTests" time="0.002"/>
  <system-out><![CDATA[2026-03-29 17:22:55.534 [Test worker] DEBUG c.e.r.service.RuleExecutionService - Rule empty-features-rule executed in 0ms
2026-03-29 17:22:55.536 [Test worker] DEBUG c.e.r.service.RuleExecutionService - Rule default-timeout-rule executed in 0ms
2026-03-29 17:22:55.538 [Test worker] DEBUG c.e.r.service.RuleExecutionService - Rule rule-009 executed in 0ms
]]></system-out>
  <system-err><![CDATA[]]></system-err>
</testsuite>
