<?xml version="1.0" encoding="UTF-8"?>
<testsuite name="第一层 - Runtime 调用拦截" tests="2" skipped="0" failures="0" errors="0" timestamp="2026-03-30T08:29:44" hostname="m1" time="0.005">
  <properties/>
  <testcase name="应拦截 Runtime.getRuntime() 调用" classname="com.example.ruleengine.engine.SandboxTest$RuntimeTests" time="0.003"/>
  <testcase name="应拦截 Runtime.exec() 调用" classname="com.example.ruleengine.engine.SandboxTest$RuntimeTests" time="0.002"/>
  <system-out><![CDATA[]]></system-out>
  <system-err><![CDATA[]]></system-err>
</testsuite>
