<?xml version="1.0" encoding="UTF-8"?>
<testsuite name="响应格式测试" tests="2" skipped="0" failures="0" errors="0" timestamp="2026-03-29T09:22:48" hostname="m1" time="0.014">
  <properties/>
  <testcase name="响应 Content-Type 应为 application/json" classname="com.example.ruleengine.controller.DecisionControllerTest$ResponseFormatTests" time="0.007"/>
  <testcase name="响应应包含所有必需字段" classname="com.example.ruleengine.controller.DecisionControllerTest$ResponseFormatTests" time="0.005"/>
  <system-out><![CDATA[2026-03-29 17:22:48.948 [Test worker] INFO  o.s.t.c.s.AnnotationConfigContextLoaderUtils - Could not detect default configuration classes for test class [com.example.ruleengine.controller.DecisionControllerTest$ResponseFormatTests]: ResponseFormatTests does not declare any static, non-private, non-final, nested classes annotated with @Configuration.
2026-03-29 17:22:48.955 [Test worker] INFO  o.s.b.t.c.SpringBootTestContextBootstrapper - Found @SpringBootConfiguration com.example.ruleengine.RuleEngineApplication for test class com.example.ruleengine.controller.DecisionControllerTest$ResponseFormatTests
2026-03-29 17:22:48.960 [Test worker] INFO  c.e.r.controller.DecisionController - Received decision request for rule: rule-001
2026-03-29 17:22:48.960 [Test worker] DEBUG c.e.r.controller.DecisionController - Rule rule-001 executed in 5ms, decision: PASS
2026-03-29 17:22:48.969 [Test worker] INFO  c.e.r.controller.DecisionController - Received decision request for rule: rule-001
2026-03-29 17:22:48.969 [Test worker] DEBUG c.e.r.controller.DecisionController - Rule rule-001 executed in 10ms, decision: PASS
]]></system-out>
  <system-err><![CDATA[]]></system-err>
</testsuite>
