<?xml version="1.0" encoding="UTF-8"?>
<testsuite name="缓存性能测试" tests="6" skipped="0" failures="0" errors="0" timestamp="2026-03-29T09:22:46" hostname="m1" time="0.928">
  <properties/>
  <testcase name="应该支持高并发缓存访问" classname="com.example.ruleengine.cache.CachePerformanceTest" time="0.628"/>
  <testcase name="应该正确清除缓存" classname="com.example.ruleengine.cache.CachePerformanceTest" time="0.046"/>
  <testcase name="应该验证缓存命中率高" classname="com.example.ruleengine.cache.CachePerformanceTest" time="0.075"/>
  <testcase name="应该验证缓存访问延迟低" classname="com.example.ruleengine.cache.CachePerformanceTest" time="0.044"/>
  <testcase name="应该测试缓存预热" classname="com.example.ruleengine.cache.CachePerformanceTest" time="0.064"/>
  <testcase name="应该支持批量清除所有缓存" classname="com.example.ruleengine.cache.CachePerformanceTest" time="0.066"/>
  <system-out><![CDATA[17:22:39.631 [Test worker] INFO org.springframework.test.context.support.AnnotationConfigContextLoaderUtils -- Could not detect default configuration classes for test class [com.example.ruleengine.cache.CachePerformanceTest]: CachePerformanceTest does not declare any static, non-private, non-final, nested classes annotated with @Configuration.
17:22:39.738 [Test worker] INFO org.springframework.boot.test.context.SpringBootTestContextBootstrapper -- Found @SpringBootConfiguration com.example.ruleengine.RuleEngineApplication for test class com.example.ruleengine.cache.CachePerformanceTest
  .   ____          _            __ _ _
 /\\ / ___'_ __ _ _(_)_ __  __ _ \ \ \ \
( ( )\___ | '_ | '_| | '_ \/ _` | \ \ \ \
 \\/  ___)| |_)| | | | | || (_| |  ) ) ) )
  '  |____| .__|_| |_|_| |_\__, | / / / /
 =========|_|==============|___/=/_/_/_/

 :: Spring Boot ::                (v3.3.0)

2026-03-29 17:22:40.249 [Test worker] INFO  c.e.r.cache.CachePerformanceTest - Starting CachePerformanceTest using Java 17.0.5 with PID 32993 (started by leon in /Users/leon/Documents/Justforfun/another-rule-engine)
2026-03-29 17:22:40.250 [Test worker] DEBUG c.e.r.cache.CachePerformanceTest - Running with Spring Boot v3.3.0, Spring v6.1.8
2026-03-29 17:22:40.251 [Test worker] INFO  c.e.r.cache.CachePerformanceTest - The following 1 profile is active: "test"
2026-03-29 17:22:43.237 [Test worker] WARN  org.hibernate.orm.deprecation - HHH90000025: H2Dialect does not need to be specified explicitly using 'hibernate.dialect' (remove the property setting and it will be selected by default)
2026-03-29 17:22:44.167 [Test worker] DEBUG org.hibernate.SQL - 
    drop table if exists audit_logs cascade 
Hibernate: 
    drop table if exists audit_logs cascade 
2026-03-29 17:22:44.171 [Test worker] DEBUG org.hibernate.SQL - 
    drop table if exists rule_versions cascade 
Hibernate: 
    drop table if exists rule_versions cascade 
2026-03-29 17:22:44.172 [Test worker] DEBUG org.hibernate.SQL - 
    drop table if exists rules cascade 
Hibernate: 
    drop table if exists rules cascade 
2026-03-29 17:22:44.177 [Test worker] DEBUG org.hibernate.SQL - 
    create table audit_logs (
        id bigint generated by default as identity,
        operation_time timestamp(6) not null,
        operation varchar(50) not null,
        operator_ip varchar(50),
        status varchar(50) not null,
        entity_type varchar(100) not null,
        request_id varchar(100),
        entity_id varchar(255) not null,
        error_message TEXT,
        operation_detail TEXT,
        operator varchar(255) not null,
        primary key (id)
    )
Hibernate: 
    create table audit_logs (
        id bigint generated by default as identity,
        operation_time timestamp(6) not null,
        operation varchar(50) not null,
        operator_ip varchar(50),
        status varchar(50) not null,
        entity_type varchar(100) not null,
        request_id varchar(100),
        entity_id varchar(255) not null,
        error_message TEXT,
        operation_detail TEXT,
        operator varchar(255) not null,
        primary key (id)
    )
2026-03-29 17:22:44.184 [Test worker] DEBUG org.hibernate.SQL - 
    create table rule_versions (
        is_rollback boolean,
        rollback_from_version integer,
        version integer not null,
        changed_at timestamp(6) not null,
        id bigint generated by default as identity,
        rule_id bigint not null,
        change_reason TEXT,
        changed_by varchar(255) not null,
        groovy_script TEXT not null,
        rule_key varchar(255) not null,
        primary key (id)
    )
Hibernate: 
    create table rule_versions (
        is_rollback boolean,
        rollback_from_version integer,
        version integer not null,
        changed_at timestamp(6) not null,
        id bigint generated by default as identity,
        rule_id bigint not null,
        change_reason TEXT,
        changed_by varchar(255) not null,
        groovy_script TEXT not null,
        rule_key varchar(255) not null,
        primary key (id)
    )
2026-03-29 17:22:44.186 [Test worker] DEBUG org.hibernate.SQL - 
    create table rules (
        enabled boolean not null,
        version integer not null,
        created_at timestamp(6) not null,
        id bigint generated by default as identity,
        opt_lock_version bigint,
        updated_at timestamp(6),
        created_by varchar(255) not null,
        groovy_script TEXT not null,
        rule_description TEXT,
        rule_key varchar(255) not null unique,
        rule_name varchar(255) not null,
        updated_by varchar(255),
        status enum ('ACTIVE','ARCHIVED','DELETED','DRAFT') not null,
        primary key (id)
    )
Hibernate: 
    create table rules (
        enabled boolean not null,
        version integer not null,
        created_at timestamp(6) not null,
        id bigint generated by default as identity,
        opt_lock_version bigint,
        updated_at timestamp(6),
        created_by varchar(255) not null,
        groovy_script TEXT not null,
        rule_description TEXT,
        rule_key varchar(255) not null unique,
        rule_name varchar(255) not null,
        updated_by varchar(255),
        status enum ('ACTIVE','ARCHIVED','DELETED','DRAFT') not null,
        primary key (id)
    )
2026-03-29 17:22:44.189 [Test worker] DEBUG org.hibernate.SQL - 
    alter table if exists rule_versions 
       add constraint FKha7d16usy4jog757ei0e8apc7 
       foreign key (rule_id) 
       references rules
Hibernate: 
    alter table if exists rule_versions 
       add constraint FKha7d16usy4jog757ei0e8apc7 
       foreign key (rule_id) 
       references rules
2026-03-29 17:22:45.200 [Test worker] INFO  c.e.ruleengine.cache.CacheWarmer - 开始预热缓存...
2026-03-29 17:22:45.315 [Test worker] DEBUG org.hibernate.SQL - 
    select
        r1_0.id,
        r1_0.created_at,
        r1_0.created_by,
        r1_0.enabled,
        r1_0.groovy_script,
        r1_0.opt_lock_version,
        r1_0.rule_description,
        r1_0.rule_key,
        r1_0.rule_name,
        r1_0.status,
        r1_0.updated_at,
        r1_0.updated_by,
        r1_0.version 
    from
        rules r1_0 
    where
        r1_0.status=? 
        and r1_0.enabled
Hibernate: 
    select
        r1_0.id,
        r1_0.created_at,
        r1_0.created_by,
        r1_0.enabled,
        r1_0.groovy_script,
        r1_0.opt_lock_version,
        r1_0.rule_description,
        r1_0.rule_key,
        r1_0.rule_name,
        r1_0.status,
        r1_0.updated_at,
        r1_0.updated_by,
        r1_0.version 
    from
        rules r1_0 
    where
        r1_0.status=? 
        and r1_0.enabled
2026-03-29 17:22:45.409 [Test worker] INFO  c.e.ruleengine.cache.CacheWarmer - 预加载 0 条生效中的规则到缓存
2026-03-29 17:22:45.409 [Test worker] INFO  c.e.ruleengine.cache.CacheWarmer - 缓存预热完成: 0/0 成功
2026-03-29 17:22:45.409 [Test worker] INFO  c.e.ruleengine.cache.CacheWarmer - 缓存预热完成
2026-03-29 17:22:45.850 [Test worker] WARN  o.s.b.a.o.j.JpaBaseConfiguration$JpaWebConfiguration - spring.jpa.open-in-view is enabled by default. Therefore, database queries may be performed during view rendering. Explicitly configure spring.jpa.open-in-view to disable this warning
2026-03-29 17:22:46.781 [Test worker] INFO  c.e.r.cache.CachePerformanceTest - Started CachePerformanceTest in 6.871 seconds (process running for 8.516)
2026-03-29 17:22:46.785 [scheduling-1] DEBUG c.e.ruleengine.cache.CacheWarmer - 定时预热缓存
2026-03-29 17:22:46.787 [scheduling-1] DEBUG org.hibernate.SQL - 
    select
        r1_0.id,
        r1_0.created_at,
        r1_0.created_by,
        r1_0.enabled,
        r1_0.groovy_script,
        r1_0.opt_lock_version,
        r1_0.rule_description,
        r1_0.rule_key,
        r1_0.rule_name,
        r1_0.status,
        r1_0.updated_at,
        r1_0.updated_by,
        r1_0.version 
    from
        rules r1_0 
    where
        r1_0.status=? 
        and r1_0.enabled
Hibernate: 
    select
        r1_0.id,
        r1_0.created_at,
        r1_0.created_by,
        r1_0.enabled,
        r1_0.groovy_script,
        r1_0.opt_lock_version,
        r1_0.rule_description,
        r1_0.rule_key,
        r1_0.rule_name,
        r1_0.status,
        r1_0.updated_at,
        r1_0.updated_by,
        r1_0.version 
    from
        rules r1_0 
    where
        r1_0.status=? 
        and r1_0.enabled
2026-03-29 17:22:46.788 [scheduling-1] INFO  c.e.ruleengine.cache.CacheWarmer - 预加载 0 条生效中的规则到缓存
2026-03-29 17:22:46.789 [scheduling-1] INFO  c.e.ruleengine.cache.CacheWarmer - 缓存预热完成: 0/0 成功
2026-03-29 17:22:47.186 [Test worker] DEBUG org.hibernate.SQL - 
    delete 
    from
        rules r1_0
Hibernate: 
    delete 
    from
        rules r1_0
2026-03-29 17:22:47.211 [Test worker] DEBUG org.hibernate.SQL - 
    insert 
    into
        rules
        (created_at, created_by, enabled, groovy_script, opt_lock_version, rule_description, rule_key, rule_name, status, updated_at, updated_by, version, id) 
    values
        (?, ?, ?, ?, ?, ?, ?, ?, ?, ?, ?, ?, default)
Hibernate: 
    insert 
    into
        rules
        (created_at, created_by, enabled, groovy_script, opt_lock_version, rule_description, rule_key, rule_name, status, updated_at, updated_by, version, id) 
    values
        (?, ?, ?, ?, ?, ?, ?, ?, ?, ?, ?, ?, default)
2026-03-29 17:22:47.234 [Test worker] DEBUG org.hibernate.SQL - 
    insert 
    into
        rules
        (created_at, created_by, enabled, groovy_script, opt_lock_version, rule_description, rule_key, rule_name, status, updated_at, updated_by, version, id) 
    values
        (?, ?, ?, ?, ?, ?, ?, ?, ?, ?, ?, ?, default)
Hibernate: 
    insert 
    into
        rules
        (created_at, created_by, enabled, groovy_script, opt_lock_version, rule_description, rule_key, rule_name, status, updated_at, updated_by, version, id) 
    values
        (?, ?, ?, ?, ?, ?, ?, ?, ?, ?, ?, ?, default)
2026-03-29 17:22:47.236 [Test worker] DEBUG org.hibernate.SQL - 
    insert 
    into
        rules
        (created_at, created_by, enabled, groovy_script, opt_lock_version, rule_description, rule_key, rule_name, status, updated_at, updated_by, version, id) 
    values
        (?, ?, ?, ?, ?, ?, ?, ?, ?, ?, ?, ?, default)
Hibernate: 
    insert 
    into
        rules
        (created_at, created_by, enabled, groovy_script, opt_lock_version, rule_description, rule_key, rule_name, status, updated_at, updated_by, version, id) 
    values
        (?, ?, ?, ?, ?, ?, ?, ?, ?, ?, ?, ?, default)
2026-03-29 17:22:47.237 [Test worker] DEBUG org.hibernate.SQL - 
    insert 
    into
        rules
        (created_at, created_by, enabled, groovy_script, opt_lock_version, rule_description, rule_key, rule_name, status, updated_at, updated_by, version, id) 
    values
        (?, ?, ?, ?, ?, ?, ?, ?, ?, ?, ?, ?, default)
Hibernate: 
    insert 
    into
        rules
        (created_at, created_by, enabled, groovy_script, opt_lock_version, rule_description, rule_key, rule_name, status, updated_at, updated_by, version, id) 
    values
        (?, ?, ?, ?, ?, ?, ?, ?, ?, ?, ?, ?, default)
2026-03-29 17:22:47.239 [Test worker] DEBUG org.hibernate.SQL - 
    insert 
    into
        rules
        (created_at, created_by, enabled, groovy_script, opt_lock_version, rule_description, rule_key, rule_name, status, updated_at, updated_by, version, id) 
    values
        (?, ?, ?, ?, ?, ?, ?, ?, ?, ?, ?, ?, default)
Hibernate: 
    insert 
    into
        rules
        (created_at, created_by, enabled, groovy_script, opt_lock_version, rule_description, rule_key, rule_name, status, updated_at, updated_by, version, id) 
    values
        (?, ?, ?, ?, ?, ?, ?, ?, ?, ?, ?, ?, default)
2026-03-29 17:22:47.241 [Test worker] DEBUG org.hibernate.SQL - 
    insert 
    into
        rules
        (created_at, created_by, enabled, groovy_script, opt_lock_version, rule_description, rule_key, rule_name, status, updated_at, updated_by, version, id) 
    values
        (?, ?, ?, ?, ?, ?, ?, ?, ?, ?, ?, ?, default)
Hibernate: 
    insert 
    into
        rules
        (created_at, created_by, enabled, groovy_script, opt_lock_version, rule_description, rule_key, rule_name, status, updated_at, updated_by, version, id) 
    values
        (?, ?, ?, ?, ?, ?, ?, ?, ?, ?, ?, ?, default)
2026-03-29 17:22:47.243 [Test worker] DEBUG org.hibernate.SQL - 
    insert 
    into
        rules
        (created_at, created_by, enabled, groovy_script, opt_lock_version, rule_description, rule_key, rule_name, status, updated_at, updated_by, version, id) 
    values
        (?, ?, ?, ?, ?, ?, ?, ?, ?, ?, ?, ?, default)
Hibernate: 
    insert 
    into
        rules
        (created_at, created_by, enabled, groovy_script, opt_lock_version, rule_description, rule_key, rule_name, status, updated_at, updated_by, version, id) 
    values
        (?, ?, ?, ?, ?, ?, ?, ?, ?, ?, ?, ?, default)
2026-03-29 17:22:47.244 [Test worker] DEBUG org.hibernate.SQL - 
    insert 
    into
        rules
        (created_at, created_by, enabled, groovy_script, opt_lock_version, rule_description, rule_key, rule_name, status, updated_at, updated_by, version, id) 
    values
        (?, ?, ?, ?, ?, ?, ?, ?, ?, ?, ?, ?, default)
Hibernate: 
    insert 
    into
        rules
        (created_at, created_by, enabled, groovy_script, opt_lock_version, rule_description, rule_key, rule_name, status, updated_at, updated_by, version, id) 
    values
        (?, ?, ?, ?, ?, ?, ?, ?, ?, ?, ?, ?, default)
2026-03-29 17:22:47.245 [Test worker] DEBUG org.hibernate.SQL - 
    insert 
    into
        rules
        (created_at, created_by, enabled, groovy_script, opt_lock_version, rule_description, rule_key, rule_name, status, updated_at, updated_by, version, id) 
    values
        (?, ?, ?, ?, ?, ?, ?, ?, ?, ?, ?, ?, default)
Hibernate: 
    insert 
    into
        rules
        (created_at, created_by, enabled, groovy_script, opt_lock_version, rule_description, rule_key, rule_name, status, updated_at, updated_by, version, id) 
    values
        (?, ?, ?, ?, ?, ?, ?, ?, ?, ?, ?, ?, default)
2026-03-29 17:22:47.247 [Test worker] DEBUG org.hibernate.SQL - 
    insert 
    into
        rules
        (created_at, created_by, enabled, groovy_script, opt_lock_version, rule_description, rule_key, rule_name, status, updated_at, updated_by, version, id) 
    values
        (?, ?, ?, ?, ?, ?, ?, ?, ?, ?, ?, ?, default)
Hibernate: 
    insert 
    into
        rules
        (created_at, created_by, enabled, groovy_script, opt_lock_version, rule_description, rule_key, rule_name, status, updated_at, updated_by, version, id) 
    values
        (?, ?, ?, ?, ?, ?, ?, ?, ?, ?, ?, ?, default)
2026-03-29 17:22:47.248 [Test worker] DEBUG org.hibernate.SQL - 
    insert 
    into
        rules
        (created_at, created_by, enabled, groovy_script, opt_lock_version, rule_description, rule_key, rule_name, status, updated_at, updated_by, version, id) 
    values
        (?, ?, ?, ?, ?, ?, ?, ?, ?, ?, ?, ?, default)
Hibernate: 
    insert 
    into
        rules
        (created_at, created_by, enabled, groovy_script, opt_lock_version, rule_description, rule_key, rule_name, status, updated_at, updated_by, version, id) 
    values
        (?, ?, ?, ?, ?, ?, ?, ?, ?, ?, ?, ?, default)
2026-03-29 17:22:47.250 [Test worker] DEBUG org.hibernate.SQL - 
    insert 
    into
        rules
        (created_at, created_by, enabled, groovy_script, opt_lock_version, rule_description, rule_key, rule_name, status, updated_at, updated_by, version, id) 
    values
        (?, ?, ?, ?, ?, ?, ?, ?, ?, ?, ?, ?, default)
Hibernate: 
    insert 
    into
        rules
        (created_at, created_by, enabled, groovy_script, opt_lock_version, rule_description, rule_key, rule_name, status, updated_at, updated_by, version, id) 
    values
        (?, ?, ?, ?, ?, ?, ?, ?, ?, ?, ?, ?, default)
2026-03-29 17:22:47.251 [Test worker] DEBUG org.hibernate.SQL - 
    insert 
    into
        rules
        (created_at, created_by, enabled, groovy_script, opt_lock_version, rule_description, rule_key, rule_name, status, updated_at, updated_by, version, id) 
    values
        (?, ?, ?, ?, ?, ?, ?, ?, ?, ?, ?, ?, default)
Hibernate: 
    insert 
    into
        rules
        (created_at, created_by, enabled, groovy_script, opt_lock_version, rule_description, rule_key, rule_name, status, updated_at, updated_by, version, id) 
    values
        (?, ?, ?, ?, ?, ?, ?, ?, ?, ?, ?, ?, default)
2026-03-29 17:22:47.253 [Test worker] DEBUG org.hibernate.SQL - 
    insert 
    into
        rules
        (created_at, created_by, enabled, groovy_script, opt_lock_version, rule_description, rule_key, rule_name, status, updated_at, updated_by, version, id) 
    values
        (?, ?, ?, ?, ?, ?, ?, ?, ?, ?, ?, ?, default)
Hibernate: 
    insert 
    into
        rules
        (created_at, created_by, enabled, groovy_script, opt_lock_version, rule_description, rule_key, rule_name, status, updated_at, updated_by, version, id) 
    values
        (?, ?, ?, ?, ?, ?, ?, ?, ?, ?, ?, ?, default)
2026-03-29 17:22:47.255 [Test worker] DEBUG org.hibernate.SQL - 
    insert 
    into
        rules
        (created_at, created_by, enabled, groovy_script, opt_lock_version, rule_description, rule_key, rule_name, status, updated_at, updated_by, version, id) 
    values
        (?, ?, ?, ?, ?, ?, ?, ?, ?, ?, ?, ?, default)
Hibernate: 
    insert 
    into
        rules
        (created_at, created_by, enabled, groovy_script, opt_lock_version, rule_description, rule_key, rule_name, status, updated_at, updated_by, version, id) 
    values
        (?, ?, ?, ?, ?, ?, ?, ?, ?, ?, ?, ?, default)
2026-03-29 17:22:47.257 [Test worker] DEBUG org.hibernate.SQL - 
    insert 
    into
        rules
        (created_at, created_by, enabled, groovy_script, opt_lock_version, rule_description, rule_key, rule_name, status, updated_at, updated_by, version, id) 
    values
        (?, ?, ?, ?, ?, ?, ?, ?, ?, ?, ?, ?, default)
Hibernate: 
    insert 
    into
        rules
        (created_at, created_by, enabled, groovy_script, opt_lock_version, rule_description, rule_key, rule_name, status, updated_at, updated_by, version, id) 
    values
        (?, ?, ?, ?, ?, ?, ?, ?, ?, ?, ?, ?, default)
2026-03-29 17:22:47.259 [Test worker] DEBUG org.hibernate.SQL - 
    insert 
    into
        rules
        (created_at, created_by, enabled, groovy_script, opt_lock_version, rule_description, rule_key, rule_name, status, updated_at, updated_by, version, id) 
    values
        (?, ?, ?, ?, ?, ?, ?, ?, ?, ?, ?, ?, default)
Hibernate: 
    insert 
    into
        rules
        (created_at, created_by, enabled, groovy_script, opt_lock_version, rule_description, rule_key, rule_name, status, updated_at, updated_by, version, id) 
    values
        (?, ?, ?, ?, ?, ?, ?, ?, ?, ?, ?, ?, default)
2026-03-29 17:22:47.261 [Test worker] DEBUG org.hibernate.SQL - 
    insert 
    into
        rules
        (created_at, created_by, enabled, groovy_script, opt_lock_version, rule_description, rule_key, rule_name, status, updated_at, updated_by, version, id) 
    values
        (?, ?, ?, ?, ?, ?, ?, ?, ?, ?, ?, ?, default)
Hibernate: 
    insert 
    into
        rules
        (created_at, created_by, enabled, groovy_script, opt_lock_version, rule_description, rule_key, rule_name, status, updated_at, updated_by, version, id) 
    values
        (?, ?, ?, ?, ?, ?, ?, ?, ?, ?, ?, ?, default)
2026-03-29 17:22:47.262 [Test worker] DEBUG org.hibernate.SQL - 
    insert 
    into
        rules
        (created_at, created_by, enabled, groovy_script, opt_lock_version, rule_description, rule_key, rule_name, status, updated_at, updated_by, version, id) 
    values
        (?, ?, ?, ?, ?, ?, ?, ?, ?, ?, ?, ?, default)
Hibernate: 
    insert 
    into
        rules
        (created_at, created_by, enabled, groovy_script, opt_lock_version, rule_description, rule_key, rule_name, status, updated_at, updated_by, version, id) 
    values
        (?, ?, ?, ?, ?, ?, ?, ?, ?, ?, ?, ?, default)
2026-03-29 17:22:47.264 [Test worker] DEBUG org.hibernate.SQL - 
    insert 
    into
        rules
        (created_at, created_by, enabled, groovy_script, opt_lock_version, rule_description, rule_key, rule_name, status, updated_at, updated_by, version, id) 
    values
        (?, ?, ?, ?, ?, ?, ?, ?, ?, ?, ?, ?, default)
Hibernate: 
    insert 
    into
        rules
        (created_at, created_by, enabled, groovy_script, opt_lock_version, rule_description, rule_key, rule_name, status, updated_at, updated_by, version, id) 
    values
        (?, ?, ?, ?, ?, ?, ?, ?, ?, ?, ?, ?, default)
2026-03-29 17:22:47.301 [pool-4-thread-34] DEBUG c.e.r.cache.RuleCacheService - 缓存未命中，从数据库加载启用规则: ruleKey=cache-perf-rule-14
2026-03-29 17:22:47.301 [pool-4-thread-17] DEBUG c.e.r.cache.RuleCacheService - 缓存未命中，从数据库加载启用规则: ruleKey=cache-perf-rule-17
2026-03-29 17:22:47.302 [pool-4-thread-29] DEBUG c.e.r.cache.RuleCacheService - 缓存未命中，从数据库加载启用规则: ruleKey=cache-perf-rule-9
2026-03-29 17:22:47.301 [pool-4-thread-49] DEBUG c.e.r.cache.RuleCacheService - 缓存未命中，从数据库加载启用规则: ruleKey=cache-perf-rule-9
2026-03-29 17:22:47.302 [pool-4-thread-11] DEBUG c.e.r.cache.RuleCacheService - 缓存未命中，从数据库加载启用规则: ruleKey=cache-perf-rule-11
2026-03-29 17:22:47.302 [pool-4-thread-35] DEBUG c.e.r.cache.RuleCacheService - 缓存未命中，从数据库加载启用规则: ruleKey=cache-perf-rule-15
2026-03-29 17:22:47.301 [pool-4-thread-21] DEBUG c.e.r.cache.RuleCacheService - 缓存未命中，从数据库加载启用规则: ruleKey=cache-perf-rule-1
2026-03-29 17:22:47.302 [pool-4-thread-30] DEBUG c.e.r.cache.RuleCacheService - 缓存未命中，从数据库加载启用规则: ruleKey=cache-perf-rule-10
2026-03-29 17:22:47.302 [pool-4-thread-22] DEBUG c.e.r.cache.RuleCacheService - 缓存未命中，从数据库加载启用规则: ruleKey=cache-perf-rule-2
2026-03-29 17:22:47.301 [pool-4-thread-27] DEBUG c.e.r.cache.RuleCacheService - 缓存未命中，从数据库加载启用规则: ruleKey=cache-perf-rule-7
2026-03-29 17:22:47.302 [pool-4-thread-33] DEBUG c.e.r.cache.RuleCacheService - 缓存未命中，从数据库加载启用规则: ruleKey=cache-perf-rule-13
2026-03-29 17:22:47.301 [pool-4-thread-13] DEBUG c.e.r.cache.RuleCacheService - 缓存未命中，从数据库加载启用规则: ruleKey=cache-perf-rule-13
2026-03-29 17:22:47.302 [pool-4-thread-31] DEBUG c.e.r.cache.RuleCacheService - 缓存未命中，从数据库加载启用规则: ruleKey=cache-perf-rule-11
2026-03-29 17:22:47.301 [pool-4-thread-45] DEBUG c.e.r.cache.RuleCacheService - 缓存未命中，从数据库加载启用规则: ruleKey=cache-perf-rule-5
2026-03-29 17:22:47.304 [pool-4-thread-28] DEBUG c.e.r.cache.RuleCacheService - 缓存未命中，从数据库加载启用规则: ruleKey=cache-perf-rule-8
2026-03-29 17:22:47.304 [pool-4-thread-22] DEBUG org.hibernate.SQL - 
    select
        r1_0.id,
        r1_0.created_at,
        r1_0.created_by,
        r1_0.enabled,
        r1_0.groovy_script,
        r1_0.opt_lock_version,
        r1_0.rule_description,
        r1_0.rule_key,
        r1_0.rule_name,
        r1_0.status,
        r1_0.updated_at,
        r1_0.updated_by,
        r1_0.version 
    from
        rules r1_0 
    where
        r1_0.rule_key=? 
        and r1_0.enabled
Hibernate: 
    select
        r1_0.id,
        r1_0.created_at,
        r1_0.created_by,
        r1_0.enabled,
        r1_0.groovy_script,
        r1_0.opt_lock_version,
        r1_0.rule_description,
        r1_0.rule_key,
        r1_0.rule_name,
        r1_0.status,
        r1_0.updated_at,
        r1_0.updated_by,
        r1_0.version 
    from
        rules r1_0 
    where
        r1_0.rule_key=? 
        and r1_0.enabled
2026-03-29 17:22:47.304 [pool-4-thread-45] DEBUG org.hibernate.SQL - 
    select
        r1_0.id,
        r1_0.created_at,
        r1_0.created_by,
        r1_0.enabled,
        r1_0.groovy_script,
        r1_0.opt_lock_version,
        r1_0.rule_description,
        r1_0.rule_key,
        r1_0.rule_name,
        r1_0.status,
        r1_0.updated_at,
        r1_0.updated_by,
        r1_0.version 
    from
        rules r1_0 
    where
        r1_0.rule_key=? 
        and r1_0.enabled
Hibernate: 
    select
        r1_0.id,
        r1_0.created_at,
        r1_0.created_by,
        r1_0.enabled,
        r1_0.groovy_script,
        r1_0.opt_lock_version,
        r1_0.rule_description,
        r1_0.rule_key,
        r1_0.rule_name,
        r1_0.status,
        r1_0.updated_at,
        r1_0.updated_by,
        r1_0.version 
    from
        rules r1_0 
    where
        r1_0.rule_key=? 
        and r1_0.enabled
2026-03-29 17:22:47.301 [pool-4-thread-2] DEBUG c.e.r.cache.RuleCacheService - 缓存未命中，从数据库加载启用规则: ruleKey=cache-perf-rule-2
2026-03-29 17:22:47.305 [pool-4-thread-27] DEBUG org.hibernate.SQL - 
    select
        r1_0.id,
        r1_0.created_at,
        r1_0.created_by,
        r1_0.enabled,
        r1_0.groovy_script,
        r1_0.opt_lock_version,
        r1_0.rule_description,
        r1_0.rule_key,
        r1_0.rule_name,
        r1_0.status,
        r1_0.updated_at,
        r1_0.updated_by,
        r1_0.version 
    from
        rules r1_0 
    where
        r1_0.rule_key=? 
        and r1_0.enabled
Hibernate: 
    select
        r1_0.id,
        r1_0.created_at,
        r1_0.created_by,
        r1_0.enabled,
        r1_0.groovy_script,
        r1_0.opt_lock_version,
        r1_0.rule_description,
        r1_0.rule_key,
        r1_0.rule_name,
        r1_0.status,
        r1_0.updated_at,
        r1_0.updated_by,
        r1_0.version 
    from
        rules r1_0 
    where
        r1_0.rule_key=? 
        and r1_0.enabled
2026-03-29 17:22:47.306 [pool-4-thread-48] DEBUG c.e.r.cache.RuleCacheService - 缓存未命中，从数据库加载启用规则: ruleKey=cache-perf-rule-8
2026-03-29 17:22:47.301 [pool-4-thread-24] DEBUG c.e.r.cache.RuleCacheService - 缓存未命中，从数据库加载启用规则: ruleKey=cache-perf-rule-4
2026-03-29 17:22:47.301 [pool-4-thread-37] DEBUG c.e.r.cache.RuleCacheService - 缓存未命中，从数据库加载启用规则: ruleKey=cache-perf-rule-17
2026-03-29 17:22:47.306 [pool-4-thread-40] DEBUG c.e.r.cache.RuleCacheService - 缓存未命中，从数据库加载启用规则: ruleKey=cache-perf-rule-20
2026-03-29 17:22:47.301 [pool-4-thread-16] DEBUG c.e.r.cache.RuleCacheService - 缓存未命中，从数据库加载启用规则: ruleKey=cache-perf-rule-16
2026-03-29 17:22:47.307 [pool-4-thread-43] DEBUG c.e.r.cache.RuleCacheService - 缓存未命中，从数据库加载启用规则: ruleKey=cache-perf-rule-3
2026-03-29 17:22:47.301 [pool-4-thread-3] DEBUG c.e.r.cache.RuleCacheService - 缓存未命中，从数据库加载启用规则: ruleKey=cache-perf-rule-3
2026-03-29 17:22:47.307 [pool-4-thread-25] DEBUG c.e.r.cache.RuleCacheService - 缓存未命中，从数据库加载启用规则: ruleKey=cache-perf-rule-5
2026-03-29 17:22:47.307 [pool-4-thread-24] DEBUG org.hibernate.SQL - 
    select
        r1_0.id,
        r1_0.created_at,
        r1_0.created_by,
        r1_0.enabled,
        r1_0.groovy_script,
        r1_0.opt_lock_version,
        r1_0.rule_description,
        r1_0.rule_key,
        r1_0.rule_name,
        r1_0.status,
        r1_0.updated_at,
        r1_0.updated_by,
        r1_0.version 
    from
        rules r1_0 
    where
        r1_0.rule_key=? 
        and r1_0.enabled
2026-03-29 17:22:47.307 [pool-4-thread-16] DEBUG org.hibernate.SQL - 
    select
        r1_0.id,
        r1_0.created_at,
        r1_0.created_by,
        r1_0.enabled,
Hibernate: 
        r1_0.groovy_script,
    select
        r1_0.opt_lock_version,
        r1_0.id,
        r1_0.rule_description,
        r1_0.created_at,
        r1_0.rule_key,
        r1_0.created_by,
        r1_0.rule_name,
        r1_0.enabled,
        r1_0.groovy_script,
        r1_0.status,
        r1_0.opt_lock_version,
        r1_0.updated_at,
        r1_0.rule_description,
        r1_0.updated_by,
        r1_0.rule_key,
        r1_0.version 
        r1_0.rule_name,
    from
        r1_0.status,
        rules r1_0 
        r1_0.updated_at,
    where
        r1_0.updated_by,
        r1_0.rule_key=? 
        r1_0.version 
        and r1_0.enabled
    from
        rules r1_0 
    where
        r1_0.rule_key=? 
        and r1_0.enabled
2026-03-29 17:22:47.301 [pool-4-thread-44] DEBUG c.e.r.cache.RuleCacheService - 缓存未命中，从数据库加载启用规则: ruleKey=cache-perf-rule-4
2026-03-29 17:22:47.307 [pool-4-thread-3] DEBUG org.hibernate.SQL - 
    select
        r1_0.id,
        r1_0.created_at,
        r1_0.created_by,
        r1_0.enabled,
        r1_0.groovy_script,
        r1_0.opt_lock_version,
        r1_0.rule_description,
        r1_0.rule_key,
        r1_0.rule_name,
        r1_0.status,
        r1_0.updated_at,
        r1_0.updated_by,
        r1_0.version 
    from
        rules r1_0 
    where
        r1_0.rule_key=? 
        and r1_0.enabled
Hibernate: 
    select
        r1_0.id,
        r1_0.created_at,
        r1_0.created_by,
        r1_0.enabled,
        r1_0.groovy_script,
        r1_0.opt_lock_version,
        r1_0.rule_description,
        r1_0.rule_key,
        r1_0.rule_name,
        r1_0.status,
        r1_0.updated_at,
        r1_0.updated_by,
        r1_0.version 
    from
        rules r1_0 
    where
        r1_0.rule_key=? 
        and r1_0.enabled
2026-03-29 17:22:47.308 [pool-4-thread-29] DEBUG org.hibernate.SQL - 
    select
        r1_0.id,
        r1_0.created_at,
        r1_0.created_by,
        r1_0.enabled,
        r1_0.groovy_script,
        r1_0.opt_lock_version,
        r1_0.rule_description,
        r1_0.rule_key,
        r1_0.rule_name,
        r1_0.status,
        r1_0.updated_at,
        r1_0.updated_by,
        r1_0.version 
    from
        rules r1_0 
    where
        r1_0.rule_key=? 
        and r1_0.enabled
Hibernate: 
    select
        r1_0.id,
        r1_0.created_at,
        r1_0.created_by,
        r1_0.enabled,
        r1_0.groovy_script,
        r1_0.opt_lock_version,
        r1_0.rule_description,
        r1_0.rule_key,
        r1_0.rule_name,
        r1_0.status,
        r1_0.updated_at,
        r1_0.updated_by,
        r1_0.version 
    from
        rules r1_0 
    where
        r1_0.rule_key=? 
        and r1_0.enabled
2026-03-29 17:22:47.308 [pool-4-thread-44] DEBUG org.hibernate.SQL - 
    select
        r1_0.id,
        r1_0.created_at,
        r1_0.created_by,
Hibernate: 
        r1_0.enabled,
    select
        r1_0.groovy_script,
        r1_0.id,
        r1_0.opt_lock_version,
        r1_0.created_at,
        r1_0.rule_description,
        r1_0.created_by,
        r1_0.rule_key,
        r1_0.enabled,
        r1_0.rule_name,
        r1_0.groovy_script,
        r1_0.status,
        r1_0.opt_lock_version,
        r1_0.updated_at,
        r1_0.rule_description,
        r1_0.updated_by,
        r1_0.rule_key,
        r1_0.version 
        r1_0.rule_name,
    from
        r1_0.status,
        rules r1_0 
        r1_0.updated_at,
    where
        r1_0.updated_by,
        r1_0.rule_key=? 
        r1_0.version 
        and r1_0.enabled
    from
        rules r1_0 
    where
        r1_0.rule_key=? 
        and r1_0.enabled
Hibernate: 
    select
        r1_0.id,
        r1_0.created_at,
        r1_0.created_by,
        r1_0.enabled,
        r1_0.groovy_script,
        r1_0.opt_lock_version,
        r1_0.rule_description,
        r1_0.rule_key,
        r1_0.rule_name,
        r1_0.status,
        r1_0.updated_at,
        r1_0.updated_by,
        r1_0.version 
    from
        rules r1_0 
    where
        r1_0.rule_key=? 
        and r1_0.enabled
2026-03-29 17:22:47.301 [pool-4-thread-47] DEBUG c.e.r.cache.RuleCacheService - 缓存未命中，从数据库加载启用规则: ruleKey=cache-perf-rule-7
2026-03-29 17:22:47.308 [pool-4-thread-26] DEBUG c.e.r.cache.RuleCacheService - 缓存未命中，从数据库加载启用规则: ruleKey=cache-perf-rule-6
2026-03-29 17:22:47.301 [pool-4-thread-41] DEBUG c.e.r.cache.RuleCacheService - 缓存未命中，从数据库加载启用规则: ruleKey=cache-perf-rule-1
2026-03-29 17:22:47.309 [pool-4-thread-32] DEBUG c.e.r.cache.RuleCacheService - 缓存未命中，从数据库加载启用规则: ruleKey=cache-perf-rule-12
2026-03-29 17:22:47.309 [pool-4-thread-46] DEBUG c.e.r.cache.RuleCacheService - 缓存未命中，从数据库加载启用规则: ruleKey=cache-perf-rule-6
2026-03-29 17:22:47.301 [pool-4-thread-18] DEBUG c.e.r.cache.RuleCacheService - 缓存未命中，从数据库加载启用规则: ruleKey=cache-perf-rule-18
2026-03-29 17:22:47.310 [pool-4-thread-4] DEBUG c.e.r.cache.RuleCacheService - 缓存未命中，从数据库加载启用规则: ruleKey=cache-perf-rule-4
2026-03-29 17:22:47.311 [pool-4-thread-4] DEBUG org.hibernate.SQL - 
    select
        r1_0.id,
        r1_0.created_at,
        r1_0.created_by,
        r1_0.enabled,
        r1_0.groovy_script,
        r1_0.opt_lock_version,
        r1_0.rule_description,
        r1_0.rule_key,
        r1_0.rule_name,
        r1_0.status,
        r1_0.updated_at,
        r1_0.updated_by,
        r1_0.version 
    from
        rules r1_0 
    where
        r1_0.rule_key=? 
        and r1_0.enabled
Hibernate: 
    select
        r1_0.id,
        r1_0.created_at,
        r1_0.created_by,
        r1_0.enabled,
        r1_0.groovy_script,
        r1_0.opt_lock_version,
        r1_0.rule_description,
        r1_0.rule_key,
        r1_0.rule_name,
        r1_0.status,
        r1_0.updated_at,
        r1_0.updated_by,
2026-03-29 17:22:47.301 [pool-4-thread-19] DEBUG c.e.r.cache.RuleCacheService - 缓存未命中，从数据库加载启用规则: ruleKey=cache-perf-rule-19
        r1_0.version 
    from
        rules r1_0 
    where
        r1_0.rule_key=? 
        and r1_0.enabled
2026-03-29 17:22:47.311 [pool-4-thread-1] DEBUG c.e.r.cache.RuleCacheService - 缓存未命中，从数据库加载启用规则: ruleKey=cache-perf-rule-1
2026-03-29 17:22:47.312 [pool-4-thread-2] DEBUG org.hibernate.SQL - 
    select
        r1_0.id,
        r1_0.created_at,
        r1_0.created_by,
        r1_0.enabled,
        r1_0.groovy_script,
        r1_0.opt_lock_version,
        r1_0.rule_description,
        r1_0.rule_key,
        r1_0.rule_name,
        r1_0.status,
        r1_0.updated_at,
        r1_0.updated_by,
        r1_0.version 
    from
        rules r1_0 
    where
        r1_0.rule_key=? 
        and r1_0.enabled
Hibernate: 
    select
        r1_0.id,
        r1_0.created_at,
        r1_0.created_by,
        r1_0.enabled,
        r1_0.groovy_script,
        r1_0.opt_lock_version,
        r1_0.rule_description,
        r1_0.rule_key,
        r1_0.rule_name,
        r1_0.status,
        r1_0.updated_at,
        r1_0.updated_by,
        r1_0.version 
    from
        rules r1_0 
    where
        r1_0.rule_key=? 
        and r1_0.enabled
2026-03-29 17:22:47.301 [pool-4-thread-36] DEBUG c.e.r.cache.RuleCacheService - 缓存未命中，从数据库加载启用规则: ruleKey=cache-perf-rule-16
2026-03-29 17:22:47.313 [pool-4-thread-20] DEBUG c.e.r.cache.RuleCacheService - 缓存未命中，从数据库加载启用规则: ruleKey=cache-perf-rule-20
2026-03-29 17:22:47.314 [pool-4-thread-16] DEBUG c.e.r.cache.RuleCacheService - 缓存未命中，从数据库加载启用规则: ruleKey=cache-perf-rule-17
2026-03-29 17:22:47.314 [pool-4-thread-45] DEBUG c.e.r.cache.RuleCacheService - 缓存未命中，从数据库加载启用规则: ruleKey=cache-perf-rule-6
2026-03-29 17:22:47.314 [pool-4-thread-28] DEBUG org.hibernate.SQL - 
    select
        r1_0.id,
        r1_0.created_at,
        r1_0.created_by,
        r1_0.enabled,
        r1_0.groovy_script,
        r1_0.opt_lock_version,
        r1_0.rule_description,
        r1_0.rule_key,
        r1_0.rule_name,
        r1_0.status,
        r1_0.updated_at,
        r1_0.updated_by,
        r1_0.version 
    from
        rules r1_0 
    where
        r1_0.rule_key=? 
        and r1_0.enabled
Hibernate: 
    select
        r1_0.id,
        r1_0.created_at,
        r1_0.created_by,
        r1_0.enabled,
        r1_0.groovy_script,
        r1_0.opt_lock_version,
        r1_0.rule_description,
        r1_0.rule_key,
        r1_0.rule_name,
        r1_0.status,
        r1_0.updated_at,
        r1_0.updated_by,
        r1_0.version 
    from
        rules r1_0 
    where
        r1_0.rule_key=? 
        and r1_0.enabled
2026-03-29 17:22:47.315 [pool-4-thread-38] DEBUG c.e.r.cache.RuleCacheService - 缓存未命中，从数据库加载启用规则: ruleKey=cache-perf-rule-18
2026-03-29 17:22:47.315 [pool-4-thread-27] DEBUG c.e.r.cache.RuleCacheService - 缓存未命中，从数据库加载启用规则: ruleKey=cache-perf-rule-8
2026-03-29 17:22:47.301 [pool-4-thread-42] DEBUG c.e.r.cache.RuleCacheService - 缓存未命中，从数据库加载启用规则: ruleKey=cache-perf-rule-2
2026-03-29 17:22:47.315 [pool-4-thread-33] DEBUG org.hibernate.SQL - 
    select
        r1_0.id,
        r1_0.created_at,
        r1_0.created_by,
        r1_0.enabled,
        r1_0.groovy_script,
        r1_0.opt_lock_version,
        r1_0.rule_description,
        r1_0.rule_key,
        r1_0.rule_name,
        r1_0.status,
        r1_0.updated_at,
        r1_0.updated_by,
        r1_0.version 
    from
        rules r1_0 
    where
        r1_0.rule_key=? 
        and r1_0.enabled
Hibernate: 
    select
        r1_0.id,
        r1_0.created_at,
        r1_0.created_by,
        r1_0.enabled,
        r1_0.groovy_script,
        r1_0.opt_lock_version,
        r1_0.rule_description,
        r1_0.rule_key,
        r1_0.rule_name,
        r1_0.status,
        r1_0.updated_at,
        r1_0.updated_by,
        r1_0.version 
    from
        rules r1_0 
    where
        r1_0.rule_key=? 
        and r1_0.enabled
2026-03-29 17:22:47.316 [pool-4-thread-38] DEBUG org.hibernate.SQL - 
    select
        r1_0.id,
        r1_0.created_at,
        r1_0.created_by,
        r1_0.enabled,
        r1_0.groovy_script,
        r1_0.opt_lock_version,
        r1_0.rule_description,
        r1_0.rule_key,
        r1_0.rule_name,
        r1_0.status,
        r1_0.updated_at,
        r1_0.updated_by,
        r1_0.version 
    from
        rules r1_0 
    where
        r1_0.rule_key=? 
        and r1_0.enabled
Hibernate: 
    select
        r1_0.id,
        r1_0.created_at,
        r1_0.created_by,
        r1_0.enabled,
        r1_0.groovy_script,
        r1_0.opt_lock_version,
        r1_0.rule_description,
        r1_0.rule_key,
        r1_0.rule_name,
        r1_0.status,
        r1_0.updated_at,
        r1_0.updated_by,
        r1_0.version 
    from
        rules r1_0 
    where
        r1_0.rule_key=? 
        and r1_0.enabled
2026-03-29 17:22:47.316 [pool-4-thread-23] DEBUG c.e.r.cache.RuleCacheService - 缓存未命中，从数据库加载启用规则: ruleKey=cache-perf-rule-6
2026-03-29 17:22:47.316 [pool-4-thread-28] DEBUG c.e.r.cache.RuleCacheService - 缓存未命中，从数据库加载启用规则: ruleKey=cache-perf-rule-10
2026-03-29 17:22:47.316 [pool-4-thread-24] DEBUG c.e.r.cache.RuleCacheService - 缓存未命中，从数据库加载启用规则: ruleKey=cache-perf-rule-6
2026-03-29 17:22:47.316 [pool-4-thread-38] DEBUG c.e.r.cache.RuleCacheService - 缓存未命中，从数据库加载启用规则: ruleKey=cache-perf-rule-19
2026-03-29 17:22:47.317 [pool-4-thread-35] DEBUG org.hibernate.SQL - 
    select
        r1_0.id,
        r1_0.created_at,
        r1_0.created_by,
        r1_0.enabled,
        r1_0.groovy_script,
        r1_0.opt_lock_version,
        r1_0.rule_description,
        r1_0.rule_key,
        r1_0.rule_name,
        r1_0.status,
        r1_0.updated_at,
        r1_0.updated_by,
        r1_0.version 
    from
        rules r1_0 
    where
        r1_0.rule_key=? 
        and r1_0.enabled
Hibernate: 
    select
        r1_0.id,
        r1_0.created_at,
        r1_0.created_by,
        r1_0.enabled,
        r1_0.groovy_script,
        r1_0.opt_lock_version,
        r1_0.rule_description,
        r1_0.rule_key,
        r1_0.rule_name,
        r1_0.status,
        r1_0.updated_at,
        r1_0.updated_by,
        r1_0.version 
    from
        rules r1_0 
    where
        r1_0.rule_key=? 
        and r1_0.enabled
2026-03-29 17:22:47.317 [pool-4-thread-28] DEBUG org.hibernate.SQL - 
    select
        r1_0.id,
        r1_0.created_at,
        r1_0.created_by,
        r1_0.enabled,
        r1_0.groovy_script,
        r1_0.opt_lock_version,
        r1_0.rule_description,
        r1_0.rule_key,
        r1_0.rule_name,
        r1_0.status,
        r1_0.updated_at,
        r1_0.updated_by,
        r1_0.version 
    from
        rules r1_0 
    where
        r1_0.rule_key=? 
        and r1_0.enabled
Hibernate: 
    select
        r1_0.id,
        r1_0.created_at,
        r1_0.created_by,
        r1_0.enabled,
        r1_0.groovy_script,
        r1_0.opt_lock_version,
        r1_0.rule_description,
        r1_0.rule_key,
        r1_0.rule_name,
        r1_0.status,
        r1_0.updated_at,
        r1_0.updated_by,
        r1_0.version 
    from
        rules r1_0 
    where
        r1_0.rule_key=? 
2026-03-29 17:22:47.317 [pool-4-thread-24] DEBUG org.hibernate.SQL - 
    select
        and r1_0.enabled
        r1_0.id,
        r1_0.created_at,
        r1_0.created_by,
        r1_0.enabled,
        r1_0.groovy_script,
        r1_0.opt_lock_version,
        r1_0.rule_description,
        r1_0.rule_key,
        r1_0.rule_name,
        r1_0.status,
        r1_0.updated_at,
        r1_0.updated_by,
        r1_0.version 
    from
        rules r1_0 
    where
        r1_0.rule_key=? 
        and r1_0.enabled
Hibernate: 
    select
        r1_0.id,
        r1_0.created_at,
        r1_0.created_by,
        r1_0.enabled,
        r1_0.groovy_script,
        r1_0.opt_lock_version,
        r1_0.rule_description,
        r1_0.rule_key,
        r1_0.rule_name,
        r1_0.status,
        r1_0.updated_at,
        r1_0.updated_by,
        r1_0.version 
    from
        rules r1_0 
    where
        r1_0.rule_key=? 
        and r1_0.enabled
2026-03-29 17:22:47.317 [pool-4-thread-38] DEBUG org.hibernate.SQL - 
    select
        r1_0.id,
        r1_0.created_at,
        r1_0.created_by,
        r1_0.enabled,
        r1_0.groovy_script,
        r1_0.opt_lock_version,
        r1_0.rule_description,
        r1_0.rule_key,
        r1_0.rule_name,
        r1_0.status,
        r1_0.updated_at,
        r1_0.updated_by,
        r1_0.version 
    from
        rules r1_0 
    where
        r1_0.rule_key=? 
        and r1_0.enabled
Hibernate: 
    select
        r1_0.id,
        r1_0.created_at,
        r1_0.created_by,
        r1_0.enabled,
        r1_0.groovy_script,
        r1_0.opt_lock_version,
        r1_0.rule_description,
        r1_0.rule_key,
        r1_0.rule_name,
        r1_0.status,
        r1_0.updated_at,
        r1_0.updated_by,
        r1_0.version 
    from
        rules r1_0 
    where
        r1_0.rule_key=? 
        and r1_0.enabled
2026-03-29 17:22:47.318 [pool-4-thread-35] DEBUG c.e.r.cache.RuleCacheService - 缓存未命中，从数据库加载启用规则: ruleKey=cache-perf-rule-17
2026-03-29 17:22:47.318 [pool-4-thread-28] DEBUG c.e.r.cache.RuleCacheService - 缓存未命中，从数据库加载启用规则: ruleKey=cache-perf-rule-11
2026-03-29 17:22:47.301 [pool-4-thread-5] DEBUG c.e.r.cache.RuleCacheService - 缓存未命中，从数据库加载启用规则: ruleKey=cache-perf-rule-5
2026-03-29 17:22:47.318 [pool-4-thread-38] DEBUG c.e.r.cache.RuleCacheService - 缓存未命中，从数据库加载启用规则: ruleKey=cache-perf-rule-20
2026-03-29 17:22:47.318 [pool-4-thread-24] DEBUG c.e.r.cache.RuleCacheService - 缓存未命中，从数据库加载启用规则: ruleKey=cache-perf-rule-11
2026-03-29 17:22:47.318 [pool-4-thread-33] DEBUG c.e.r.cache.RuleCacheService - 缓存未命中，从数据库加载启用规则: ruleKey=cache-perf-rule-14
2026-03-29 17:22:47.318 [pool-4-thread-27] DEBUG org.hibernate.SQL - 
    select
        r1_0.id,
        r1_0.created_at,
        r1_0.created_by,
        r1_0.enabled,
        r1_0.groovy_script,
        r1_0.opt_lock_version,
        r1_0.rule_description,
        r1_0.rule_key,
        r1_0.rule_name,
        r1_0.status,
        r1_0.updated_at,
        r1_0.updated_by,
        r1_0.version 
    from
        rules r1_0 
    where
        r1_0.rule_key=? 
        and r1_0.enabled
Hibernate: 
    select
        r1_0.id,
        r1_0.created_at,
        r1_0.created_by,
        r1_0.enabled,
        r1_0.groovy_script,
        r1_0.opt_lock_version,
        r1_0.rule_description,
        r1_0.rule_key,
        r1_0.rule_name,
        r1_0.status,
        r1_0.updated_at,
        r1_0.updated_by,
        r1_0.version 
    from
        rules r1_0 
    where
        r1_0.rule_key=? 
        and r1_0.enabled
2026-03-29 17:22:47.319 [pool-4-thread-38] DEBUG org.hibernate.SQL - 
    select
        r1_0.id,
        r1_0.created_at,
        r1_0.created_by,
        r1_0.enabled,
        r1_0.groovy_script,
        r1_0.opt_lock_version,
        r1_0.rule_description,
        r1_0.rule_key,
        r1_0.rule_name,
        r1_0.status,
        r1_0.updated_at,
        r1_0.updated_by,
        r1_0.version 
    from
        rules r1_0 
    where
        r1_0.rule_key=? 
        and r1_0.enabled
Hibernate: 
    select
        r1_0.id,
        r1_0.created_at,
        r1_0.created_by,
        r1_0.enabled,
        r1_0.groovy_script,
        r1_0.opt_lock_version,
        r1_0.rule_description,
        r1_0.rule_key,
        r1_0.rule_name,
        r1_0.status,
        r1_0.updated_at,
        r1_0.updated_by,
        r1_0.version 
    from
        rules r1_0 
    where
        r1_0.rule_key=? 
        and r1_0.enabled
2026-03-29 17:22:47.319 [pool-4-thread-3] DEBUG c.e.r.cache.RuleCacheService - 缓存未命中，从数据库加载启用规则: ruleKey=cache-perf-rule-11
2026-03-29 17:22:47.320 [pool-4-thread-38] DEBUG c.e.r.cache.RuleCacheService - 缓存未命中，从数据库加载启用规则: ruleKey=cache-perf-rule-1
2026-03-29 17:22:47.320 [pool-4-thread-35] DEBUG org.hibernate.SQL - 
    select
        r1_0.id,
        r1_0.created_at,
        r1_0.created_by,
        r1_0.enabled,
        r1_0.groovy_script,
        r1_0.opt_lock_version,
        r1_0.rule_description,
        r1_0.rule_key,
        r1_0.rule_name,
        r1_0.status,
        r1_0.updated_at,
        r1_0.updated_by,
        r1_0.version 
    from
        rules r1_0 
    where
        r1_0.rule_key=? 
        and r1_0.enabled
Hibernate: 
    select
        r1_0.id,
        r1_0.created_at,
        r1_0.created_by,
        r1_0.enabled,
        r1_0.groovy_script,
        r1_0.opt_lock_version,
        r1_0.rule_description,
        r1_0.rule_key,
        r1_0.rule_name,
        r1_0.status,
        r1_0.updated_at,
        r1_0.updated_by,
        r1_0.version 
    from
        rules r1_0 
    where
        r1_0.rule_key=? 
        and r1_0.enabled
2026-03-29 17:22:47.302 [pool-4-thread-9] DEBUG c.e.r.cache.RuleCacheService - 缓存未命中，从数据库加载启用规则: ruleKey=cache-perf-rule-9
2026-03-29 17:22:47.320 [pool-4-thread-22] DEBUG c.e.r.cache.RuleCacheService - 缓存未命中，从数据库加载启用规则: ruleKey=cache-perf-rule-11
2026-03-29 17:22:47.320 [pool-4-thread-3] DEBUG org.hibernate.SQL - 
    select
        r1_0.id,
        r1_0.created_at,
        r1_0.created_by,
        r1_0.enabled,
        r1_0.groovy_script,
        r1_0.opt_lock_version,
        r1_0.rule_description,
        r1_0.rule_key,
        r1_0.rule_name,
        r1_0.status,
        r1_0.updated_at,
        r1_0.updated_by,
        r1_0.version 
    from
        rules r1_0 
    where
        r1_0.rule_key=? 
        and r1_0.enabled
Hibernate: 
    select
        r1_0.id,
        r1_0.created_at,
        r1_0.created_by,
        r1_0.enabled,
        r1_0.groovy_script,
        r1_0.opt_lock_version,
        r1_0.rule_description,
        r1_0.rule_key,
        r1_0.rule_name,
        r1_0.status,
        r1_0.updated_at,
        r1_0.updated_by,
        r1_0.version 
    from
        rules r1_0 
    where
        r1_0.rule_key=? 
        and r1_0.enabled
2026-03-29 17:22:47.302 [pool-4-thread-12] DEBUG c.e.r.cache.RuleCacheService - 缓存未命中，从数据库加载启用规则: ruleKey=cache-perf-rule-12
2026-03-29 17:22:47.321 [pool-4-thread-35] DEBUG c.e.r.cache.RuleCacheService - 缓存未命中，从数据库加载启用规则: ruleKey=cache-perf-rule-1
2026-03-29 17:22:47.321 [pool-4-thread-3] DEBUG c.e.r.cache.RuleCacheService - 缓存未命中，从数据库加载启用规则: ruleKey=cache-perf-rule-12
2026-03-29 17:22:47.322 [pool-4-thread-2] DEBUG c.e.r.cache.RuleCacheService - 缓存未命中，从数据库加载启用规则: ruleKey=cache-perf-rule-12
2026-03-29 17:22:47.322 [pool-4-thread-44] DEBUG c.e.r.cache.RuleCacheService - 缓存未命中，从数据库加载启用规则: ruleKey=cache-perf-rule-12
2026-03-29 17:22:47.323 [pool-4-thread-35] DEBUG org.hibernate.SQL - 
    select
        r1_0.id,
        r1_0.created_at,
        r1_0.created_by,
        r1_0.enabled,
        r1_0.groovy_script,
        r1_0.opt_lock_version,
        r1_0.rule_description,
        r1_0.rule_key,
        r1_0.rule_name,
        r1_0.status,
        r1_0.updated_at,
        r1_0.updated_by,
        r1_0.version 
    from
        rules r1_0 
    where
        r1_0.rule_key=? 
        and r1_0.enabled
Hibernate: 
    select
        r1_0.id,
        r1_0.created_at,
        r1_0.created_by,
        r1_0.enabled,
        r1_0.groovy_script,
        r1_0.opt_lock_version,
        r1_0.rule_description,
        r1_0.rule_key,
        r1_0.rule_name,
        r1_0.status,
        r1_0.updated_at,
        r1_0.updated_by,
        r1_0.version 
    from
        rules r1_0 
    where
        r1_0.rule_key=? 
        and r1_0.enabled
2026-03-29 17:22:47.302 [pool-4-thread-39] DEBUG c.e.r.cache.RuleCacheService - 缓存未命中，从数据库加载启用规则: ruleKey=cache-perf-rule-19
2026-03-29 17:22:47.323 [pool-4-thread-11] DEBUG org.hibernate.SQL - 
    select
        r1_0.id,
        r1_0.created_at,
        r1_0.created_by,
        r1_0.enabled,
        r1_0.groovy_script,
        r1_0.opt_lock_version,
        r1_0.rule_description,
        r1_0.rule_key,
        r1_0.rule_name,
        r1_0.status,
        r1_0.updated_at,
        r1_0.updated_by,
        r1_0.version 
    from
        rules r1_0 
    where
        r1_0.rule_key=? 
        and r1_0.enabled
Hibernate: 
    select
        r1_0.id,
        r1_0.created_at,
        r1_0.created_by,
        r1_0.enabled,
        r1_0.groovy_script,
        r1_0.opt_lock_version,
        r1_0.rule_description,
        r1_0.rule_key,
        r1_0.rule_name,
        r1_0.status,
        r1_0.updated_at,
        r1_0.updated_by,
        r1_0.version 
    from
        rules r1_0 
    where
        r1_0.rule_key=? 
        and r1_0.enabled
2026-03-29 17:22:47.324 [pool-4-thread-35] DEBUG c.e.r.cache.RuleCacheService - 缓存未命中，从数据库加载启用规则: ruleKey=cache-perf-rule-12
2026-03-29 17:22:47.324 [pool-4-thread-11] DEBUG c.e.r.cache.RuleCacheService - 缓存未命中，从数据库加载启用规则: ruleKey=cache-perf-rule-12
2026-03-29 17:22:47.324 [pool-4-thread-39] DEBUG org.hibernate.SQL - 
    select
        r1_0.id,
        r1_0.created_at,
        r1_0.created_by,
        r1_0.enabled,
        r1_0.groovy_script,
        r1_0.opt_lock_version,
        r1_0.rule_description,
        r1_0.rule_key,
        r1_0.rule_name,
        r1_0.status,
        r1_0.updated_at,
        r1_0.updated_by,
        r1_0.version 
    from
        rules r1_0 
    where
        r1_0.rule_key=? 
        and r1_0.enabled
Hibernate: 
    select
        r1_0.id,
        r1_0.created_at,
        r1_0.created_by,
        r1_0.enabled,
        r1_0.groovy_script,
        r1_0.opt_lock_version,
        r1_0.rule_description,
        r1_0.rule_key,
        r1_0.rule_name,
        r1_0.status,
        r1_0.updated_at,
2026-03-29 17:22:47.324 [pool-4-thread-13] DEBUG org.hibernate.SQL - 
    select
        r1_0.id,
        r1_0.created_at,
        r1_0.created_by,
        r1_0.enabled,
        r1_0.groovy_script,
        r1_0.opt_lock_version,
        r1_0.rule_description,
        r1_0.rule_key,
        r1_0.rule_name,
        r1_0.status,
        r1_0.updated_at,
        r1_0.updated_by,
        r1_0.version 
    from
        rules r1_0 
    where
        r1_0.rule_key=? 
        and r1_0.enabled
2026-03-29 17:22:47.326 [pool-4-thread-2] DEBUG org.hibernate.SQL - 
    select
        r1_0.id,
        r1_0.created_at,
        r1_0.created_by,
        r1_0.enabled,
        r1_0.groovy_script,
        r1_0.opt_lock_version,
        r1_0.rule_description,
        r1_0.rule_key,
        r1_0.rule_name,
        r1_0.status,
        r1_0.updated_at,
        r1_0.updated_by,
        r1_0.version 
    from
        rules r1_0 
    where
        r1_0.rule_key=? 
        and r1_0.enabled
        r1_0.updated_by,
        r1_0.version 
    from
        rules r1_0 
    where
        r1_0.rule_key=? 
        and r1_0.enabled
Hibernate: 
    select
        r1_0.id,
        r1_0.created_at,
        r1_0.created_by,
        r1_0.enabled,
        r1_0.groovy_script,
        r1_0.opt_lock_version,
        r1_0.rule_description,
        r1_0.rule_key,
        r1_0.rule_name,
        r1_0.status,
        r1_0.updated_at,
        r1_0.updated_by,
        r1_0.version 
    from
2026-03-29 17:22:47.327 [pool-4-thread-12] DEBUG org.hibernate.SQL - 
        rules r1_0 
    select
    where
        r1_0.id,
        r1_0.rule_key=? 
        r1_0.created_at,
        r1_0.created_by,
        r1_0.enabled,
        r1_0.groovy_script,
        r1_0.opt_lock_version,
        r1_0.rule_description,
        r1_0.rule_key,
        r1_0.rule_name,
        r1_0.status,
        r1_0.updated_at,
        r1_0.updated_by,
        r1_0.version 
    from
        rules r1_0 
    where
        r1_0.rule_key=? 
        and r1_0.enabled
2026-03-29 17:22:47.304 [pool-4-thread-34] DEBUG org.hibernate.SQL - 
    select
        r1_0.id,
        r1_0.created_at,
        r1_0.created_by,
        r1_0.enabled,
        r1_0.groovy_script,
        r1_0.opt_lock_version,
        r1_0.rule_description,
        r1_0.rule_key,
        r1_0.rule_name,
        r1_0.status,
        r1_0.updated_at,
        r1_0.updated_by,
        r1_0.version 
    from
        rules r1_0 
    where
        r1_0.rule_key=? 
        and r1_0.enabled
        and r1_0.enabled
2026-03-29 17:22:47.305 [pool-4-thread-15] DEBUG c.e.r.cache.RuleCacheService - 缓存未命中，从数据库加载启用规则: ruleKey=cache-perf-rule-15
2026-03-29 17:22:47.328 [pool-4-thread-22] DEBUG org.hibernate.SQL - 
    select
        r1_0.id,
        r1_0.created_at,
        r1_0.created_by,
        r1_0.enabled,
        r1_0.groovy_script,
        r1_0.opt_lock_version,
        r1_0.rule_description,
        r1_0.rule_key,
        r1_0.rule_name,
        r1_0.status,
        r1_0.updated_at,
        r1_0.updated_by,
        r1_0.version 
    from
        rules r1_0 
    where
        r1_0.rule_key=? 
        and r1_0.enabled
Hibernate: 
    select
        r1_0.id,
        r1_0.created_at,
        r1_0.created_by,
        r1_0.enabled,
        r1_0.groovy_script,
        r1_0.opt_lock_version,
        r1_0.rule_description,
        r1_0.rule_key,
        r1_0.rule_name,
        r1_0.status,
        r1_0.updated_at,
        r1_0.updated_by,
        r1_0.version 
    from
        rules r1_0 
    where
        r1_0.rule_key=? 
        and r1_0.enabled
2026-03-29 17:22:47.329 [pool-4-thread-2] DEBUG c.e.r.cache.RuleCacheService - 缓存未命中，从数据库加载启用规则: ruleKey=cache-perf-rule-14
2026-03-29 17:22:47.329 [pool-4-thread-22] DEBUG c.e.r.cache.RuleCacheService - 缓存未命中，从数据库加载启用规则: ruleKey=cache-perf-rule-14
2026-03-29 17:22:47.329 [pool-4-thread-9] DEBUG org.hibernate.SQL - 
    select
        r1_0.id,
        r1_0.created_at,
        r1_0.created_by,
        r1_0.enabled,
        r1_0.groovy_script,
        r1_0.opt_lock_version,
        r1_0.rule_description,
        r1_0.rule_key,
        r1_0.rule_name,
        r1_0.status,
        r1_0.updated_at,
        r1_0.updated_by,
        r1_0.version 
    from
        rules r1_0 
    where
        r1_0.rule_key=? 
        and r1_0.enabled
Hibernate: 
    select
        r1_0.id,
        r1_0.created_at,
        r1_0.created_by,
        r1_0.enabled,
        r1_0.groovy_script,
        r1_0.opt_lock_version,
        r1_0.rule_description,
        r1_0.rule_key,
        r1_0.rule_name,
        r1_0.status,
        r1_0.updated_at,
        r1_0.updated_by,
        r1_0.version 
    from
        rules r1_0 
    where
        r1_0.rule_key=? 
        and r1_0.enabled
2026-03-29 17:22:47.329 [pool-4-thread-39] DEBUG c.e.r.cache.RuleCacheService - 缓存未命中，从数据库加载启用规则: ruleKey=cache-perf-rule-14
2026-03-29 17:22:47.330 [pool-4-thread-22] DEBUG org.hibernate.SQL - 
    select
        r1_0.id,
        r1_0.created_at,
        r1_0.created_by,
        r1_0.enabled,
        r1_0.groovy_script,
        r1_0.opt_lock_version,
        r1_0.rule_description,
        r1_0.rule_key,
        r1_0.rule_name,
        r1_0.status,
        r1_0.updated_at,
        r1_0.updated_by,
        r1_0.version 
    from
        rules r1_0 
    where
        r1_0.rule_key=? 
        and r1_0.enabled
Hibernate: 
    select
        r1_0.id,
        r1_0.created_at,
        r1_0.created_by,
        r1_0.enabled,
        r1_0.groovy_script,
        r1_0.opt_lock_version,
        r1_0.rule_description,
        r1_0.rule_key,
        r1_0.rule_name,
        r1_0.status,
        r1_0.updated_at,
        r1_0.updated_by,
        r1_0.version 
    from
        rules r1_0 
    where
        r1_0.rule_key=? 
        and r1_0.enabled
2026-03-29 17:22:47.330 [pool-4-thread-39] DEBUG org.hibernate.SQL - 
    select
        r1_0.id,
        r1_0.created_at,
        r1_0.created_by,
        r1_0.enabled,
        r1_0.groovy_script,
        r1_0.opt_lock_version,
        r1_0.rule_description,
        r1_0.rule_key,
        r1_0.rule_name,
Hibernate: 
    select
        r1_0.id,
        r1_0.created_at,
        r1_0.created_by,
        r1_0.enabled,
        r1_0.groovy_script,
        r1_0.opt_lock_version,
        r1_0.rule_description,
        r1_0.rule_key,
        r1_0.rule_name,
        r1_0.status,
        r1_0.updated_at,
        r1_0.updated_by,
        r1_0.version 
    from
        rules r1_0 
    where
        r1_0.rule_key=? 
        and r1_0.enabled
        r1_0.status,
        r1_0.updated_at,
        r1_0.updated_by,
        r1_0.version 
    from
        rules r1_0 
    where
        r1_0.rule_key=? 
        and r1_0.enabled
2026-03-29 17:22:47.305 [pool-4-thread-30] DEBUG org.hibernate.SQL - 
    select
        r1_0.id,
        r1_0.created_at,
        r1_0.created_by,
        r1_0.enabled,
        r1_0.groovy_script,
        r1_0.opt_lock_version,
        r1_0.rule_description,
        r1_0.rule_key,
        r1_0.rule_name,
        r1_0.status,
        r1_0.updated_at,
        r1_0.updated_by,
        r1_0.version 
    from
        rules r1_0 
    where
        r1_0.rule_key=? 
        and r1_0.enabled
Hibernate: 
    select
        r1_0.id,
        r1_0.created_at,
        r1_0.created_by,
        r1_0.enabled,
        r1_0.groovy_script,
        r1_0.opt_lock_version,
        r1_0.rule_description,
        r1_0.rule_key,
        r1_0.rule_name,
        r1_0.status,
        r1_0.updated_at,
        r1_0.updated_by,
        r1_0.version 
    from
        rules r1_0 
    where
        r1_0.rule_key=? 
        and r1_0.enabled
2026-03-29 17:22:47.306 [pool-4-thread-6] DEBUG c.e.r.cache.RuleCacheService - 缓存未命中，从数据库加载启用规则: ruleKey=cache-perf-rule-6
2026-03-29 17:22:47.334 [pool-4-thread-33] DEBUG org.hibernate.SQL - 
    select
        r1_0.id,
        r1_0.created_at,
        r1_0.created_by,
        r1_0.enabled,
        r1_0.groovy_script,
        r1_0.opt_lock_version,
        r1_0.rule_description,
        r1_0.rule_key,
        r1_0.rule_name,
        r1_0.status,
        r1_0.updated_at,
        r1_0.updated_by,
        r1_0.version 
    from
        rules r1_0 
    where
        r1_0.rule_key=? 
        and r1_0.enabled
Hibernate: 
    select
        r1_0.id,
        r1_0.created_at,
        r1_0.created_by,
        r1_0.enabled,
        r1_0.groovy_script,
        r1_0.opt_lock_version,
        r1_0.rule_description,
        r1_0.rule_key,
        r1_0.rule_name,
        r1_0.status,
        r1_0.updated_at,
        r1_0.updated_by,
        r1_0.version 
    from
        rules r1_0 
    where
        r1_0.rule_key=? 
        and r1_0.enabled
2026-03-29 17:22:47.334 [pool-4-thread-5] DEBUG org.hibernate.SQL - 
    select
        r1_0.id,
        r1_0.created_at,
        r1_0.created_by,
        r1_0.enabled,
        r1_0.groovy_script,
        r1_0.opt_lock_version,
        r1_0.rule_description,
        r1_0.rule_key,
        r1_0.rule_name,
        r1_0.status,
        r1_0.updated_at,
        r1_0.updated_by,
        r1_0.version 
    from
        rules r1_0 
    where
        r1_0.rule_key=? 
        and r1_0.enabled
Hibernate: 
    select
        r1_0.id,
        r1_0.created_at,
        r1_0.created_by,
        r1_0.enabled,
        r1_0.groovy_script,
        r1_0.opt_lock_version,
        r1_0.rule_description,
        r1_0.rule_key,
        r1_0.rule_name,
        r1_0.status,
        r1_0.updated_at,
        r1_0.updated_by,
        r1_0.version 
    from
        rules r1_0 
    where
        r1_0.rule_key=? 
        and r1_0.enabled
Hibernate: 
    select
        r1_0.id,
        r1_0.created_at,
        r1_0.created_by,
        r1_0.enabled,
        r1_0.groovy_script,
        r1_0.opt_lock_version,
        r1_0.rule_description,
        r1_0.rule_key,
        r1_0.rule_name,
        r1_0.status,
        r1_0.updated_at,
        r1_0.updated_by,
        r1_0.version 
    from
        rules r1_0 
    where
        r1_0.rule_key=? 
        and r1_0.enabled
2026-03-29 17:22:47.335 [pool-4-thread-6] DEBUG org.hibernate.SQL - 
    select
        r1_0.id,
        r1_0.created_at,
        r1_0.created_by,
        r1_0.enabled,
        r1_0.groovy_script,
        r1_0.opt_lock_version,
        r1_0.rule_description,
        r1_0.rule_key,
        r1_0.rule_name,
        r1_0.status,
        r1_0.updated_at,
        r1_0.updated_by,
        r1_0.version 
    from
        rules r1_0 
    where
        r1_0.rule_key=? 
        and r1_0.enabled
Hibernate: 
    select
        r1_0.id,
        r1_0.created_at,
        r1_0.created_by,
        r1_0.enabled,
        r1_0.groovy_script,
        r1_0.opt_lock_version,
        r1_0.rule_description,
        r1_0.rule_key,
        r1_0.rule_name,
        r1_0.status,
        r1_0.updated_at,
        r1_0.updated_by,
        r1_0.version 
    from
        rules r1_0 
    where
        r1_0.rule_key=? 
        and r1_0.enabled
2026-03-29 17:22:47.306 [pool-4-thread-49] DEBUG org.hibernate.SQL - 
    select
        r1_0.id,
        r1_0.created_at,
        r1_0.created_by,
        r1_0.enabled,
        r1_0.groovy_script,
        r1_0.opt_lock_version,
        r1_0.rule_description,
        r1_0.rule_key,
        r1_0.rule_name,
        r1_0.status,
        r1_0.updated_at,
        r1_0.updated_by,
        r1_0.version 
    from
        rules r1_0 
    where
        r1_0.rule_key=? 
        and r1_0.enabled
Hibernate: 
    select
        r1_0.id,
        r1_0.created_at,
        r1_0.created_by,
        r1_0.enabled,
        r1_0.groovy_script,
        r1_0.opt_lock_version,
        r1_0.rule_description,
        r1_0.rule_key,
        r1_0.rule_name,
        r1_0.status,
        r1_0.updated_at,
        r1_0.updated_by,
        r1_0.version 
    from
        rules r1_0 
    where
        r1_0.rule_key=? 
        and r1_0.enabled
Hibernate: 
    select
        r1_0.id,
        r1_0.created_at,
        r1_0.created_by,
        r1_0.enabled,
        r1_0.groovy_script,
        r1_0.opt_lock_version,
        r1_0.rule_description,
        r1_0.rule_key,
        r1_0.rule_name,
        r1_0.status,
        r1_0.updated_at,
        r1_0.updated_by,
        r1_0.version 
    from
        rules r1_0 
    where
        r1_0.rule_key=? 
        and r1_0.enabled
2026-03-29 17:22:47.306 [pool-4-thread-7] DEBUG c.e.r.cache.RuleCacheService - 缓存未命中，从数据库加载启用规则: ruleKey=cache-perf-rule-7
Hibernate: 
    select
        r1_0.id,
        r1_0.created_at,
        r1_0.created_by,
        r1_0.enabled,
        r1_0.groovy_script,
        r1_0.opt_lock_version,
        r1_0.rule_description,
        r1_0.rule_key,
        r1_0.rule_name,
        r1_0.status,
        r1_0.updated_at,
        r1_0.updated_by,
        r1_0.version 
    from
        rules r1_0 
    where
        r1_0.rule_key=? 
2026-03-29 17:22:47.306 [pool-4-thread-21] DEBUG org.hibernate.SQL - 
    select
        r1_0.id,
        r1_0.created_at,
        and r1_0.enabled
        r1_0.created_by,
        r1_0.enabled,
        r1_0.groovy_script,
        r1_0.opt_lock_version,
        r1_0.rule_description,
        r1_0.rule_key,
        r1_0.rule_name,
        r1_0.status,
        r1_0.updated_at,
        r1_0.updated_by,
        r1_0.version 
    from
        rules r1_0 
    where
        r1_0.rule_key=? 
        and r1_0.enabled
Hibernate: 
    select
        r1_0.id,
        r1_0.created_at,
        r1_0.created_by,
        r1_0.enabled,
        r1_0.groovy_script,
        r1_0.opt_lock_version,
        r1_0.rule_description,
        r1_0.rule_key,
        r1_0.rule_name,
        r1_0.status,
        r1_0.updated_at,
        r1_0.updated_by,
        r1_0.version 
    from
        rules r1_0 
    where
        r1_0.rule_key=? 
        and r1_0.enabled
2026-03-29 17:22:47.337 [pool-4-thread-28] DEBUG org.hibernate.SQL - 
    select
        r1_0.id,
        r1_0.created_at,
        r1_0.created_by,
        r1_0.enabled,
        r1_0.groovy_script,
        r1_0.opt_lock_version,
        r1_0.rule_description,
        r1_0.rule_key,
        r1_0.rule_name,
        r1_0.status,
        r1_0.updated_at,
        r1_0.updated_by,
        r1_0.version 
    from
        rules r1_0 
    where
        r1_0.rule_key=? 
        and r1_0.enabled
Hibernate: 
    select
        r1_0.id,
        r1_0.created_at,
        r1_0.created_by,
        r1_0.enabled,
        r1_0.groovy_script,
        r1_0.opt_lock_version,
        r1_0.rule_description,
        r1_0.rule_key,
        r1_0.rule_name,
        r1_0.status,
        r1_0.updated_at,
        r1_0.updated_by,
        r1_0.version 
    from
        rules r1_0 
    where
        r1_0.rule_key=? 
        and r1_0.enabled
2026-03-29 17:22:47.337 [pool-4-thread-23] DEBUG org.hibernate.SQL - 
    select
        r1_0.id,
        r1_0.created_at,
        r1_0.created_by,
        r1_0.enabled,
        r1_0.groovy_script,
        r1_0.opt_lock_version,
        r1_0.rule_description,
        r1_0.rule_key,
        r1_0.rule_name,
        r1_0.status,
        r1_0.updated_at,
        r1_0.updated_by,
        r1_0.version 
    from
        rules r1_0 
    where
        r1_0.rule_key=? 
        and r1_0.enabled
Hibernate: 
    select
        r1_0.id,
        r1_0.created_at,
        r1_0.created_by,
        r1_0.enabled,
        r1_0.groovy_script,
        r1_0.opt_lock_version,
        r1_0.rule_description,
        r1_0.rule_key,
        r1_0.rule_name,
        r1_0.status,
        r1_0.updated_at,
        r1_0.updated_by,
        r1_0.version 
    from
        rules r1_0 
    where
        r1_0.rule_key=? 
        and r1_0.enabled
2026-03-29 17:22:47.306 [pool-4-thread-50] DEBUG c.e.r.cache.RuleCacheService - 缓存未命中，从数据库加载启用规则: ruleKey=cache-perf-rule-10
2026-03-29 17:22:47.307 [pool-4-thread-14] DEBUG c.e.r.cache.RuleCacheService - 缓存未命中，从数据库加载启用规则: ruleKey=cache-perf-rule-14
2026-03-29 17:22:47.339 [pool-4-thread-14] DEBUG org.hibernate.SQL - 
    select
        r1_0.id,
        r1_0.created_at,
        r1_0.created_by,
        r1_0.enabled,
        r1_0.groovy_script,
        r1_0.opt_lock_version,
        r1_0.rule_description,
        r1_0.rule_key,
        r1_0.rule_name,
        r1_0.status,
        r1_0.updated_at,
        r1_0.updated_by,
        r1_0.version 
    from
        rules r1_0 
    where
        r1_0.rule_key=? 
        and r1_0.enabled
Hibernate: 
    select
        r1_0.id,
        r1_0.created_at,
        r1_0.created_by,
        r1_0.enabled,
        r1_0.groovy_script,
        r1_0.opt_lock_version,
        r1_0.rule_description,
        r1_0.rule_key,
        r1_0.rule_name,
        r1_0.status,
        r1_0.updated_at,
        r1_0.updated_by,
        r1_0.version 
    from
        rules r1_0 
    where
        r1_0.rule_key=? 
        and r1_0.enabled
2026-03-29 17:22:47.340 [pool-4-thread-45] DEBUG org.hibernate.SQL - 
    select
        r1_0.id,
        r1_0.created_at,
        r1_0.created_by,
        r1_0.enabled,
        r1_0.groovy_script,
        r1_0.opt_lock_version,
        r1_0.rule_description,
        r1_0.rule_key,
        r1_0.rule_name,
        r1_0.status,
        r1_0.updated_at,
        r1_0.updated_by,
        r1_0.version 
    from
        rules r1_0 
    where
        r1_0.rule_key=? 
        and r1_0.enabled
Hibernate: 
    select
        r1_0.id,
        r1_0.created_at,
        r1_0.created_by,
        r1_0.enabled,
        r1_0.groovy_script,
        r1_0.opt_lock_version,
        r1_0.rule_description,
        r1_0.rule_key,
        r1_0.rule_name,
        r1_0.status,
        r1_0.updated_at,
        r1_0.updated_by,
        r1_0.version 
    from
        rules r1_0 
    where
        r1_0.rule_key=? 
        and r1_0.enabled
2026-03-29 17:22:47.343 [pool-4-thread-7] DEBUG org.hibernate.SQL - 
    select
        r1_0.id,
        r1_0.created_at,
        r1_0.created_by,
        r1_0.enabled,
        r1_0.groovy_script,
        r1_0.opt_lock_version,
        r1_0.rule_description,
        r1_0.rule_key,
        r1_0.rule_name,
        r1_0.status,
        r1_0.updated_at,
        r1_0.updated_by,
        r1_0.version 
    from
        rules r1_0 
    where
        r1_0.rule_key=? 
        and r1_0.enabled
Hibernate: 
    select
        r1_0.id,
        r1_0.created_at,
        r1_0.created_by,
        r1_0.enabled,
        r1_0.groovy_script,
        r1_0.opt_lock_version,
        r1_0.rule_description,
        r1_0.rule_key,
        r1_0.rule_name,
        r1_0.status,
        r1_0.updated_at,
        r1_0.updated_by,
        r1_0.version 
    from
        rules r1_0 
    where
        r1_0.rule_key=? 
        and r1_0.enabled
2026-03-29 17:22:47.345 [pool-4-thread-42] DEBUG org.hibernate.SQL - 
    select
        r1_0.id,
        r1_0.created_at,
        r1_0.created_by,
        r1_0.enabled,
        r1_0.groovy_script,
        r1_0.opt_lock_version,
        r1_0.rule_description,
        r1_0.rule_key,
        r1_0.rule_name,
        r1_0.status,
        r1_0.updated_at,
        r1_0.updated_by,
        r1_0.version 
    from
        rules r1_0 
    where
        r1_0.rule_key=? 
        and r1_0.enabled
Hibernate: 
    select
        r1_0.id,
        r1_0.created_at,
        r1_0.created_by,
        r1_0.enabled,
        r1_0.groovy_script,
        r1_0.opt_lock_version,
        r1_0.rule_description,
        r1_0.rule_key,
        r1_0.rule_name,
        r1_0.status,
        r1_0.updated_at,
        r1_0.updated_by,
        r1_0.version 
    from
        rules r1_0 
    where
        r1_0.rule_key=? 
        and r1_0.enabled
2026-03-29 17:22:47.307 [pool-4-thread-48] DEBUG org.hibernate.SQL - 
    select
        r1_0.id,
        r1_0.created_at,
        r1_0.created_by,
        r1_0.enabled,
        r1_0.groovy_script,
        r1_0.opt_lock_version,
        r1_0.rule_description,
        r1_0.rule_key,
        r1_0.rule_name,
        r1_0.status,
        r1_0.updated_at,
        r1_0.updated_by,
        r1_0.version 
    from
        rules r1_0 
    where
        r1_0.rule_key=? 
        and r1_0.enabled
Hibernate: 
    select
        r1_0.id,
        r1_0.created_at,
        r1_0.created_by,
2026-03-29 17:22:47.307 [pool-4-thread-10] DEBUG c.e.r.cache.RuleCacheService - 缓存未命中，从数据库加载启用规则: ruleKey=cache-perf-rule-10
        r1_0.enabled,
        r1_0.groovy_script,
        r1_0.opt_lock_version,
        r1_0.rule_description,
        r1_0.rule_key,
        r1_0.rule_name,
        r1_0.status,
        r1_0.updated_at,
        r1_0.updated_by,
        r1_0.version 
    from
        rules r1_0 
    where
        r1_0.rule_key=? 
        and r1_0.enabled
2026-03-29 17:22:47.347 [pool-4-thread-16] DEBUG org.hibernate.SQL - 
    select
        r1_0.id,
        r1_0.created_at,
        r1_0.created_by,
        r1_0.enabled,
        r1_0.groovy_script,
        r1_0.opt_lock_version,
        r1_0.rule_description,
        r1_0.rule_key,
        r1_0.rule_name,
        r1_0.status,
        r1_0.updated_at,
        r1_0.updated_by,
        r1_0.version 
    from
        rules r1_0 
    where
        r1_0.rule_key=? 
        and r1_0.enabled
Hibernate: 
    select
        r1_0.id,
        r1_0.created_at,
        r1_0.created_by,
        r1_0.enabled,
        r1_0.groovy_script,
        r1_0.opt_lock_version,
        r1_0.rule_description,
        r1_0.rule_key,
        r1_0.rule_name,
        r1_0.status,
        r1_0.updated_at,
        r1_0.updated_by,
        r1_0.version 
    from
        rules r1_0 
    where
        r1_0.rule_key=? 
        and r1_0.enabled
2026-03-29 17:22:47.309 [pool-4-thread-8] DEBUG c.e.r.cache.RuleCacheService - 缓存未命中，从数据库加载启用规则: ruleKey=cache-perf-rule-8
2026-03-29 17:22:47.348 [pool-4-thread-10] DEBUG org.hibernate.SQL - 
    select
        r1_0.id,
        r1_0.created_at,
        r1_0.created_by,
        r1_0.enabled,
        r1_0.groovy_script,
        r1_0.opt_lock_version,
        r1_0.rule_description,
        r1_0.rule_key,
        r1_0.rule_name,
        r1_0.status,
        r1_0.updated_at,
        r1_0.updated_by,
        r1_0.version 
    from
        rules r1_0 
    where
        r1_0.rule_key=? 
        and r1_0.enabled
Hibernate: 
    select
        r1_0.id,
        r1_0.created_at,
        r1_0.created_by,
        r1_0.enabled,
        r1_0.groovy_script,
        r1_0.opt_lock_version,
        r1_0.rule_description,
        r1_0.rule_key,
        r1_0.rule_name,
        r1_0.status,
        r1_0.updated_at,
        r1_0.updated_by,
        r1_0.version 
    from
        rules r1_0 
    where
        r1_0.rule_key=? 
        and r1_0.enabled
2026-03-29 17:22:47.348 [pool-4-thread-8] DEBUG org.hibernate.SQL - 
    select
        r1_0.id,
        r1_0.created_at,
        r1_0.created_by,
        r1_0.enabled,
        r1_0.groovy_script,
        r1_0.opt_lock_version,
        r1_0.rule_description,
        r1_0.rule_key,
        r1_0.rule_name,
        r1_0.status,
        r1_0.updated_at,
        r1_0.updated_by,
        r1_0.version 
    from
        rules r1_0 
    where
        r1_0.rule_key=? 
        and r1_0.enabled
Hibernate: 
    select
        r1_0.id,
        r1_0.created_at,
        r1_0.created_by,
        r1_0.enabled,
        r1_0.groovy_script,
        r1_0.opt_lock_version,
        r1_0.rule_description,
        r1_0.rule_key,
        r1_0.rule_name,
        r1_0.status,
        r1_0.updated_at,
        r1_0.updated_by,
        r1_0.version 
    from
        rules r1_0 
    where
        r1_0.rule_key=? 
        and r1_0.enabled
2026-03-29 17:22:47.311 [pool-4-thread-17] DEBUG org.hibernate.SQL - 
    select
        r1_0.id,
        r1_0.created_at,
        r1_0.created_by,
        r1_0.enabled,
        r1_0.groovy_script,
        r1_0.opt_lock_version,
        r1_0.rule_description,
        r1_0.rule_key,
        r1_0.rule_name,
        r1_0.status,
        r1_0.updated_at,
        r1_0.updated_by,
        r1_0.version 
    from
        rules r1_0 
    where
        r1_0.rule_key=? 
        and r1_0.enabled
Hibernate: 
    select
        r1_0.id,
        r1_0.created_at,
        r1_0.created_by,
        r1_0.enabled,
        r1_0.groovy_script,
        r1_0.opt_lock_version,
        r1_0.rule_description,
        r1_0.rule_key,
        r1_0.rule_name,
        r1_0.status,
        r1_0.updated_at,
        r1_0.updated_by,
        r1_0.version 
    from
        rules r1_0 
    where
        r1_0.rule_key=? 
        and r1_0.enabled
2026-03-29 17:22:47.314 [pool-4-thread-29] DEBUG c.e.r.cache.RuleCacheService - 缓存未命中，从数据库加载启用规则: ruleKey=cache-perf-rule-10
2026-03-29 17:22:47.352 [pool-4-thread-29] DEBUG org.hibernate.SQL - 
    select
        r1_0.id,
        r1_0.created_at,
        r1_0.created_by,
        r1_0.enabled,
        r1_0.groovy_script,
        r1_0.opt_lock_version,
        r1_0.rule_description,
        r1_0.rule_key,
        r1_0.rule_name,
        r1_0.status,
        r1_0.updated_at,
        r1_0.updated_by,
        r1_0.version 
    from
        rules r1_0 
    where
        r1_0.rule_key=? 
        and r1_0.enabled
Hibernate: 
    select
        r1_0.id,
        r1_0.created_at,
        r1_0.created_by,
        r1_0.enabled,
        r1_0.groovy_script,
        r1_0.opt_lock_version,
        r1_0.rule_description,
        r1_0.rule_key,
        r1_0.rule_name,
        r1_0.status,
        r1_0.updated_at,
        r1_0.updated_by,
        r1_0.version 
    from
        rules r1_0 
    where
        r1_0.rule_key=? 
        and r1_0.enabled
2026-03-29 17:22:47.320 [pool-4-thread-24] DEBUG org.hibernate.SQL - 
    select
        r1_0.id,
        r1_0.created_at,
        r1_0.created_by,
        r1_0.enabled,
        r1_0.groovy_script,
        r1_0.opt_lock_version,
        r1_0.rule_description,
        r1_0.rule_key,
        r1_0.rule_name,
        r1_0.status,
        r1_0.updated_at,
        r1_0.updated_by,
        r1_0.version 
    from
        rules r1_0 
    where
        r1_0.rule_key=? 
        and r1_0.enabled
Hibernate: 
    select
        r1_0.id,
        r1_0.created_at,
        r1_0.created_by,
        r1_0.enabled,
        r1_0.groovy_script,
        r1_0.opt_lock_version,
        r1_0.rule_description,
        r1_0.rule_key,
        r1_0.rule_name,
        r1_0.status,
        r1_0.updated_at,
        r1_0.updated_by,
        r1_0.version 
    from
        rules r1_0 
    where
        r1_0.rule_key=? 
        and r1_0.enabled
2026-03-29 17:22:47.353 [pool-4-thread-36] DEBUG org.hibernate.SQL - 
    select
        r1_0.id,
        r1_0.created_at,
        r1_0.created_by,
        r1_0.enabled,
        r1_0.groovy_script,
        r1_0.opt_lock_version,
        r1_0.rule_description,
        r1_0.rule_key,
        r1_0.rule_name,
        r1_0.status,
        r1_0.updated_at,
        r1_0.updated_by,
        r1_0.version 
    from
        rules r1_0 
    where
        r1_0.rule_key=? 
        and r1_0.enabled
Hibernate: 
    select
        r1_0.id,
        r1_0.created_at,
        r1_0.created_by,
        r1_0.enabled,
        r1_0.groovy_script,
        r1_0.opt_lock_version,
        r1_0.rule_description,
        r1_0.rule_key,
        r1_0.rule_name,
        r1_0.status,
        r1_0.updated_at,
        r1_0.updated_by,
        r1_0.version 
    from
        rules r1_0 
    where
        r1_0.rule_key=? 
        and r1_0.enabled
2026-03-29 17:22:47.323 [pool-4-thread-4] DEBUG c.e.r.cache.RuleCacheService - 缓存未命中，从数据库加载启用规则: ruleKey=cache-perf-rule-12
2026-03-29 17:22:47.354 [pool-4-thread-1] DEBUG org.hibernate.SQL - 
    select
        r1_0.id,
        r1_0.created_at,
        r1_0.created_by,
        r1_0.enabled,
        r1_0.groovy_script,
        r1_0.opt_lock_version,
        r1_0.rule_description,
        r1_0.rule_key,
        r1_0.rule_name,
        r1_0.status,
        r1_0.updated_at,
        r1_0.updated_by,
        r1_0.version 
    from
        rules r1_0 
    where
        r1_0.rule_key=? 
        and r1_0.enabled
Hibernate: 
    select
        r1_0.id,
        r1_0.created_at,
        r1_0.created_by,
        r1_0.enabled,
        r1_0.groovy_script,
        r1_0.opt_lock_version,
        r1_0.rule_description,
        r1_0.rule_key,
        r1_0.rule_name,
        r1_0.status,
        r1_0.updated_at,
        r1_0.updated_by,
        r1_0.version 
    from
        rules r1_0 
    where
        r1_0.rule_key=? 
        and r1_0.enabled
2026-03-29 17:22:47.324 [pool-4-thread-27] DEBUG c.e.r.cache.RuleCacheService - 缓存未命中，从数据库加载启用规则: ruleKey=cache-perf-rule-12
2026-03-29 17:22:47.355 [pool-4-thread-4] DEBUG org.hibernate.SQL - 
    select
        r1_0.id,
        r1_0.created_at,
        r1_0.created_by,
        r1_0.enabled,
        r1_0.groovy_script,
        r1_0.opt_lock_version,
[...]
        r1_0.status,
        r1_0.updated_at,
        r1_0.updated_by,
        r1_0.version 
    from
        rules r1_0 
    where
        r1_0.rule_key=? 
        and r1_0.enabled
2026-03-29 17:22:47.719 [Test worker] DEBUG c.e.r.cache.RuleCacheService - 缓存未命中，从数据库加载启用规则: ruleKey=cache-perf-rule-2
2026-03-29 17:22:47.720 [Test worker] DEBUG org.hibernate.SQL - 
    select
        r1_0.id,
        r1_0.created_at,
        r1_0.created_by,
        r1_0.enabled,
        r1_0.groovy_script,
        r1_0.opt_lock_version,
        r1_0.rule_description,
        r1_0.rule_key,
        r1_0.rule_name,
        r1_0.status,
        r1_0.updated_at,
        r1_0.updated_by,
        r1_0.version 
    from
        rules r1_0 
    where
        r1_0.rule_key=? 
        and r1_0.enabled
Hibernate: 
    select
        r1_0.id,
        r1_0.created_at,
        r1_0.created_by,
        r1_0.enabled,
        r1_0.groovy_script,
        r1_0.opt_lock_version,
        r1_0.rule_description,
        r1_0.rule_key,
        r1_0.rule_name,
        r1_0.status,
        r1_0.updated_at,
        r1_0.updated_by,
        r1_0.version 
    from
        rules r1_0 
    where
        r1_0.rule_key=? 
        and r1_0.enabled
2026-03-29 17:22:47.722 [Test worker] DEBUG c.e.r.cache.RuleCacheService - 缓存未命中，从数据库加载启用规则: ruleKey=cache-perf-rule-3
2026-03-29 17:22:47.723 [Test worker] DEBUG org.hibernate.SQL - 
    select
        r1_0.id,
        r1_0.created_at,
        r1_0.created_by,
        r1_0.enabled,
        r1_0.groovy_script,
        r1_0.opt_lock_version,
        r1_0.rule_description,
        r1_0.rule_key,
        r1_0.rule_name,
        r1_0.status,
        r1_0.updated_at,
        r1_0.updated_by,
        r1_0.version 
    from
        rules r1_0 
    where
        r1_0.rule_key=? 
        and r1_0.enabled
Hibernate: 
    select
        r1_0.id,
        r1_0.created_at,
        r1_0.created_by,
        r1_0.enabled,
        r1_0.groovy_script,
        r1_0.opt_lock_version,
        r1_0.rule_description,
        r1_0.rule_key,
        r1_0.rule_name,
        r1_0.status,
        r1_0.updated_at,
        r1_0.updated_by,
        r1_0.version 
    from
        rules r1_0 
    where
        r1_0.rule_key=? 
        and r1_0.enabled
2026-03-29 17:22:47.724 [Test worker] DEBUG c.e.r.cache.RuleCacheService - 缓存未命中，从数据库加载启用规则: ruleKey=cache-perf-rule-4
2026-03-29 17:22:47.725 [Test worker] DEBUG org.hibernate.SQL - 
    select
        r1_0.id,
        r1_0.created_at,
        r1_0.created_by,
        r1_0.enabled,
        r1_0.groovy_script,
        r1_0.opt_lock_version,
        r1_0.rule_description,
        r1_0.rule_key,
        r1_0.rule_name,
        r1_0.status,
        r1_0.updated_at,
        r1_0.updated_by,
        r1_0.version 
    from
        rules r1_0 
    where
        r1_0.rule_key=? 
        and r1_0.enabled
Hibernate: 
    select
        r1_0.id,
        r1_0.created_at,
        r1_0.created_by,
        r1_0.enabled,
        r1_0.groovy_script,
        r1_0.opt_lock_version,
        r1_0.rule_description,
        r1_0.rule_key,
        r1_0.rule_name,
        r1_0.status,
        r1_0.updated_at,
        r1_0.updated_by,
        r1_0.version 
    from
        rules r1_0 
    where
        r1_0.rule_key=? 
        and r1_0.enabled
2026-03-29 17:22:47.725 [Test worker] DEBUG c.e.r.cache.RuleCacheService - 缓存未命中，从数据库加载启用规则: ruleKey=cache-perf-rule-5
2026-03-29 17:22:47.726 [Test worker] DEBUG org.hibernate.SQL - 
    select
        r1_0.id,
        r1_0.created_at,
        r1_0.created_by,
        r1_0.enabled,
        r1_0.groovy_script,
        r1_0.opt_lock_version,
        r1_0.rule_description,
        r1_0.rule_key,
        r1_0.rule_name,
        r1_0.status,
        r1_0.updated_at,
        r1_0.updated_by,
        r1_0.version 
    from
        rules r1_0 
    where
        r1_0.rule_key=? 
        and r1_0.enabled
Hibernate: 
    select
        r1_0.id,
        r1_0.created_at,
        r1_0.created_by,
        r1_0.enabled,
        r1_0.groovy_script,
        r1_0.opt_lock_version,
        r1_0.rule_description,
        r1_0.rule_key,
        r1_0.rule_name,
        r1_0.status,
        r1_0.updated_at,
        r1_0.updated_by,
        r1_0.version 
    from
        rules r1_0 
    where
        r1_0.rule_key=? 
        and r1_0.enabled
2026-03-29 17:22:47.727 [Test worker] DEBUG c.e.r.cache.RuleCacheService - 缓存未命中，从数据库加载启用规则: ruleKey=cache-perf-rule-6
2026-03-29 17:22:47.728 [Test worker] DEBUG org.hibernate.SQL - 
    select
        r1_0.id,
        r1_0.created_at,
        r1_0.created_by,
        r1_0.enabled,
        r1_0.groovy_script,
        r1_0.opt_lock_version,
        r1_0.rule_description,
        r1_0.rule_key,
        r1_0.rule_name,
        r1_0.status,
        r1_0.updated_at,
        r1_0.updated_by,
        r1_0.version 
    from
        rules r1_0 
    where
        r1_0.rule_key=? 
        and r1_0.enabled
Hibernate: 
    select
        r1_0.id,
        r1_0.created_at,
        r1_0.created_by,
        r1_0.enabled,
        r1_0.groovy_script,
        r1_0.opt_lock_version,
        r1_0.rule_description,
        r1_0.rule_key,
        r1_0.rule_name,
        r1_0.status,
        r1_0.updated_at,
        r1_0.updated_by,
        r1_0.version 
    from
        rules r1_0 
    where
        r1_0.rule_key=? 
        and r1_0.enabled
2026-03-29 17:22:47.729 [Test worker] DEBUG c.e.r.cache.RuleCacheService - 缓存未命中，从数据库加载启用规则: ruleKey=cache-perf-rule-7
2026-03-29 17:22:47.730 [Test worker] DEBUG org.hibernate.SQL - 
    select
        r1_0.id,
        r1_0.created_at,
        r1_0.created_by,
        r1_0.enabled,
        r1_0.groovy_script,
        r1_0.opt_lock_version,
        r1_0.rule_description,
        r1_0.rule_key,
        r1_0.rule_name,
        r1_0.status,
        r1_0.updated_at,
        r1_0.updated_by,
        r1_0.version 
    from
        rules r1_0 
    where
        r1_0.rule_key=? 
        and r1_0.enabled
Hibernate: 
    select
        r1_0.id,
        r1_0.created_at,
        r1_0.created_by,
        r1_0.enabled,
        r1_0.groovy_script,
        r1_0.opt_lock_version,
        r1_0.rule_description,
        r1_0.rule_key,
        r1_0.rule_name,
        r1_0.status,
        r1_0.updated_at,
        r1_0.updated_by,
        r1_0.version 
    from
        rules r1_0 
    where
        r1_0.rule_key=? 
        and r1_0.enabled
2026-03-29 17:22:47.731 [Test worker] DEBUG c.e.r.cache.RuleCacheService - 缓存未命中，从数据库加载启用规则: ruleKey=cache-perf-rule-8
2026-03-29 17:22:47.732 [Test worker] DEBUG org.hibernate.SQL - 
    select
        r1_0.id,
        r1_0.created_at,
        r1_0.created_by,
        r1_0.enabled,
        r1_0.groovy_script,
        r1_0.opt_lock_version,
        r1_0.rule_description,
        r1_0.rule_key,
        r1_0.rule_name,
        r1_0.status,
        r1_0.updated_at,
        r1_0.updated_by,
        r1_0.version 
    from
        rules r1_0 
    where
        r1_0.rule_key=? 
        and r1_0.enabled
Hibernate: 
    select
        r1_0.id,
        r1_0.created_at,
        r1_0.created_by,
        r1_0.enabled,
        r1_0.groovy_script,
        r1_0.opt_lock_version,
        r1_0.rule_description,
        r1_0.rule_key,
        r1_0.rule_name,
        r1_0.status,
        r1_0.updated_at,
        r1_0.updated_by,
        r1_0.version 
    from
        rules r1_0 
    where
        r1_0.rule_key=? 
        and r1_0.enabled
2026-03-29 17:22:47.732 [Test worker] DEBUG c.e.r.cache.RuleCacheService - 缓存未命中，从数据库加载启用规则: ruleKey=cache-perf-rule-9
2026-03-29 17:22:47.733 [Test worker] DEBUG org.hibernate.SQL - 
    select
        r1_0.id,
        r1_0.created_at,
        r1_0.created_by,
        r1_0.enabled,
        r1_0.groovy_script,
        r1_0.opt_lock_version,
        r1_0.rule_description,
        r1_0.rule_key,
        r1_0.rule_name,
        r1_0.status,
        r1_0.updated_at,
        r1_0.updated_by,
        r1_0.version 
    from
        rules r1_0 
    where
        r1_0.rule_key=? 
        and r1_0.enabled
Hibernate: 
    select
        r1_0.id,
        r1_0.created_at,
        r1_0.created_by,
        r1_0.enabled,
        r1_0.groovy_script,
        r1_0.opt_lock_version,
        r1_0.rule_description,
        r1_0.rule_key,
        r1_0.rule_name,
        r1_0.status,
        r1_0.updated_at,
        r1_0.updated_by,
        r1_0.version 
    from
        rules r1_0 
    where
        r1_0.rule_key=? 
        and r1_0.enabled
2026-03-29 17:22:47.734 [Test worker] DEBUG c.e.r.cache.RuleCacheService - 缓存未命中，从数据库加载启用规则: ruleKey=cache-perf-rule-10
2026-03-29 17:22:47.735 [Test worker] DEBUG org.hibernate.SQL - 
    select
        r1_0.id,
        r1_0.created_at,
        r1_0.created_by,
        r1_0.enabled,
        r1_0.groovy_script,
        r1_0.opt_lock_version,
        r1_0.rule_description,
        r1_0.rule_key,
        r1_0.rule_name,
        r1_0.status,
        r1_0.updated_at,
        r1_0.updated_by,
        r1_0.version 
    from
        rules r1_0 
    where
        r1_0.rule_key=? 
        and r1_0.enabled
Hibernate: 
    select
        r1_0.id,
        r1_0.created_at,
        r1_0.created_by,
        r1_0.enabled,
        r1_0.groovy_script,
        r1_0.opt_lock_version,
        r1_0.rule_description,
        r1_0.rule_key,
        r1_0.rule_name,
        r1_0.status,
        r1_0.updated_at,
        r1_0.updated_by,
        r1_0.version 
    from
        rules r1_0 
    where
        r1_0.rule_key=? 
        and r1_0.enabled
2026-03-29 17:22:47.736 [Test worker] DEBUG c.e.r.cache.RuleCacheService - 缓存未命中，从数据库加载启用规则: ruleKey=cache-perf-rule-11
2026-03-29 17:22:47.737 [Test worker] DEBUG org.hibernate.SQL - 
    select
        r1_0.id,
        r1_0.created_at,
        r1_0.created_by,
        r1_0.enabled,
        r1_0.groovy_script,
        r1_0.opt_lock_version,
        r1_0.rule_description,
        r1_0.rule_key,
        r1_0.rule_name,
        r1_0.status,
        r1_0.updated_at,
        r1_0.updated_by,
        r1_0.version 
    from
        rules r1_0 
    where
        r1_0.rule_key=? 
        and r1_0.enabled
Hibernate: 
    select
        r1_0.id,
        r1_0.created_at,
        r1_0.created_by,
        r1_0.enabled,
        r1_0.groovy_script,
        r1_0.opt_lock_version,
        r1_0.rule_description,
        r1_0.rule_key,
        r1_0.rule_name,
        r1_0.status,
        r1_0.updated_at,
        r1_0.updated_by,
        r1_0.version 
    from
        rules r1_0 
    where
        r1_0.rule_key=? 
        and r1_0.enabled
2026-03-29 17:22:47.738 [Test worker] DEBUG c.e.r.cache.RuleCacheService - 缓存未命中，从数据库加载启用规则: ruleKey=cache-perf-rule-12
2026-03-29 17:22:47.739 [Test worker] DEBUG org.hibernate.SQL - 
    select
        r1_0.id,
        r1_0.created_at,
        r1_0.created_by,
        r1_0.enabled,
        r1_0.groovy_script,
        r1_0.opt_lock_version,
        r1_0.rule_description,
        r1_0.rule_key,
        r1_0.rule_name,
        r1_0.status,
        r1_0.updated_at,
        r1_0.updated_by,
        r1_0.version 
    from
        rules r1_0 
    where
        r1_0.rule_key=? 
        and r1_0.enabled
Hibernate: 
    select
        r1_0.id,
        r1_0.created_at,
        r1_0.created_by,
        r1_0.enabled,
        r1_0.groovy_script,
        r1_0.opt_lock_version,
        r1_0.rule_description,
        r1_0.rule_key,
        r1_0.rule_name,
        r1_0.status,
        r1_0.updated_at,
        r1_0.updated_by,
        r1_0.version 
    from
        rules r1_0 
    where
        r1_0.rule_key=? 
        and r1_0.enabled
2026-03-29 17:22:47.740 [Test worker] DEBUG c.e.r.cache.RuleCacheService - 缓存未命中，从数据库加载启用规则: ruleKey=cache-perf-rule-13
2026-03-29 17:22:47.741 [Test worker] DEBUG org.hibernate.SQL - 
    select
        r1_0.id,
        r1_0.created_at,
        r1_0.created_by,
        r1_0.enabled,
        r1_0.groovy_script,
        r1_0.opt_lock_version,
        r1_0.rule_description,
        r1_0.rule_key,
        r1_0.rule_name,
        r1_0.status,
        r1_0.updated_at,
        r1_0.updated_by,
        r1_0.version 
    from
        rules r1_0 
    where
        r1_0.rule_key=? 
        and r1_0.enabled
Hibernate: 
    select
        r1_0.id,
        r1_0.created_at,
        r1_0.created_by,
        r1_0.enabled,
        r1_0.groovy_script,
        r1_0.opt_lock_version,
        r1_0.rule_description,
        r1_0.rule_key,
        r1_0.rule_name,
        r1_0.status,
        r1_0.updated_at,
        r1_0.updated_by,
        r1_0.version 
    from
        rules r1_0 
    where
        r1_0.rule_key=? 
        and r1_0.enabled
2026-03-29 17:22:47.741 [Test worker] DEBUG c.e.r.cache.RuleCacheService - 缓存未命中，从数据库加载启用规则: ruleKey=cache-perf-rule-14
2026-03-29 17:22:47.742 [Test worker] DEBUG org.hibernate.SQL - 
    select
        r1_0.id,
        r1_0.created_at,
        r1_0.created_by,
        r1_0.enabled,
        r1_0.groovy_script,
        r1_0.opt_lock_version,
        r1_0.rule_description,
        r1_0.rule_key,
        r1_0.rule_name,
        r1_0.status,
        r1_0.updated_at,
        r1_0.updated_by,
        r1_0.version 
    from
        rules r1_0 
    where
        r1_0.rule_key=? 
        and r1_0.enabled
Hibernate: 
    select
        r1_0.id,
        r1_0.created_at,
        r1_0.created_by,
        r1_0.enabled,
        r1_0.groovy_script,
        r1_0.opt_lock_version,
        r1_0.rule_description,
        r1_0.rule_key,
        r1_0.rule_name,
        r1_0.status,
        r1_0.updated_at,
        r1_0.updated_by,
        r1_0.version 
    from
        rules r1_0 
    where
        r1_0.rule_key=? 
        and r1_0.enabled
2026-03-29 17:22:47.743 [Test worker] DEBUG c.e.r.cache.RuleCacheService - 缓存未命中，从数据库加载启用规则: ruleKey=cache-perf-rule-15
2026-03-29 17:22:47.744 [Test worker] DEBUG org.hibernate.SQL - 
    select
        r1_0.id,
        r1_0.created_at,
        r1_0.created_by,
        r1_0.enabled,
        r1_0.groovy_script,
        r1_0.opt_lock_version,
        r1_0.rule_description,
        r1_0.rule_key,
        r1_0.rule_name,
        r1_0.status,
        r1_0.updated_at,
        r1_0.updated_by,
        r1_0.version 
    from
        rules r1_0 
    where
        r1_0.rule_key=? 
        and r1_0.enabled
Hibernate: 
    select
        r1_0.id,
        r1_0.created_at,
        r1_0.created_by,
        r1_0.enabled,
        r1_0.groovy_script,
        r1_0.opt_lock_version,
        r1_0.rule_description,
        r1_0.rule_key,
        r1_0.rule_name,
        r1_0.status,
        r1_0.updated_at,
        r1_0.updated_by,
        r1_0.version 
    from
        rules r1_0 
    where
        r1_0.rule_key=? 
        and r1_0.enabled
2026-03-29 17:22:47.745 [Test worker] DEBUG c.e.r.cache.RuleCacheService - 缓存未命中，从数据库加载启用规则: ruleKey=cache-perf-rule-16
2026-03-29 17:22:47.746 [Test worker] DEBUG org.hibernate.SQL - 
    select
        r1_0.id,
        r1_0.created_at,
        r1_0.created_by,
        r1_0.enabled,
        r1_0.groovy_script,
        r1_0.opt_lock_version,
        r1_0.rule_description,
        r1_0.rule_key,
        r1_0.rule_name,
        r1_0.status,
        r1_0.updated_at,
        r1_0.updated_by,
        r1_0.version 
    from
        rules r1_0 
    where
        r1_0.rule_key=? 
        and r1_0.enabled
Hibernate: 
    select
        r1_0.id,
        r1_0.created_at,
        r1_0.created_by,
        r1_0.enabled,
        r1_0.groovy_script,
        r1_0.opt_lock_version,
        r1_0.rule_description,
        r1_0.rule_key,
        r1_0.rule_name,
        r1_0.status,
        r1_0.updated_at,
        r1_0.updated_by,
        r1_0.version 
    from
        rules r1_0 
    where
        r1_0.rule_key=? 
        and r1_0.enabled
2026-03-29 17:22:47.747 [Test worker] DEBUG c.e.r.cache.RuleCacheService - 缓存未命中，从数据库加载启用规则: ruleKey=cache-perf-rule-17
2026-03-29 17:22:47.747 [Test worker] DEBUG org.hibernate.SQL - 
    select
        r1_0.id,
        r1_0.created_at,
        r1_0.created_by,
        r1_0.enabled,
        r1_0.groovy_script,
        r1_0.opt_lock_version,
        r1_0.rule_description,
        r1_0.rule_key,
        r1_0.rule_name,
        r1_0.status,
        r1_0.updated_at,
        r1_0.updated_by,
        r1_0.version 
    from
        rules r1_0 
    where
        r1_0.rule_key=? 
        and r1_0.enabled
Hibernate: 
    select
        r1_0.id,
        r1_0.created_at,
        r1_0.created_by,
        r1_0.enabled,
        r1_0.groovy_script,
        r1_0.opt_lock_version,
        r1_0.rule_description,
        r1_0.rule_key,
        r1_0.rule_name,
        r1_0.status,
        r1_0.updated_at,
        r1_0.updated_by,
        r1_0.version 
    from
        rules r1_0 
    where
        r1_0.rule_key=? 
        and r1_0.enabled
2026-03-29 17:22:47.748 [Test worker] DEBUG c.e.r.cache.RuleCacheService - 缓存未命中，从数据库加载启用规则: ruleKey=cache-perf-rule-18
2026-03-29 17:22:47.749 [Test worker] DEBUG org.hibernate.SQL - 
    select
        r1_0.id,
        r1_0.created_at,
        r1_0.created_by,
        r1_0.enabled,
        r1_0.groovy_script,
        r1_0.opt_lock_version,
        r1_0.rule_description,
        r1_0.rule_key,
        r1_0.rule_name,
        r1_0.status,
        r1_0.updated_at,
        r1_0.updated_by,
        r1_0.version 
    from
        rules r1_0 
    where
        r1_0.rule_key=? 
        and r1_0.enabled
Hibernate: 
    select
        r1_0.id,
        r1_0.created_at,
        r1_0.created_by,
        r1_0.enabled,
        r1_0.groovy_script,
        r1_0.opt_lock_version,
        r1_0.rule_description,
        r1_0.rule_key,
        r1_0.rule_name,
        r1_0.status,
        r1_0.updated_at,
        r1_0.updated_by,
        r1_0.version 
    from
        rules r1_0 
    where
        r1_0.rule_key=? 
        and r1_0.enabled
2026-03-29 17:22:47.750 [Test worker] DEBUG c.e.r.cache.RuleCacheService - 缓存未命中，从数据库加载启用规则: ruleKey=cache-perf-rule-19
2026-03-29 17:22:47.751 [Test worker] DEBUG org.hibernate.SQL - 
    select
        r1_0.id,
        r1_0.created_at,
        r1_0.created_by,
        r1_0.enabled,
        r1_0.groovy_script,
        r1_0.opt_lock_version,
        r1_0.rule_description,
        r1_0.rule_key,
        r1_0.rule_name,
        r1_0.status,
        r1_0.updated_at,
        r1_0.updated_by,
        r1_0.version 
    from
        rules r1_0 
    where
        r1_0.rule_key=? 
        and r1_0.enabled
Hibernate: 
    select
        r1_0.id,
        r1_0.created_at,
        r1_0.created_by,
        r1_0.enabled,
        r1_0.groovy_script,
        r1_0.opt_lock_version,
        r1_0.rule_description,
        r1_0.rule_key,
        r1_0.rule_name,
        r1_0.status,
        r1_0.updated_at,
        r1_0.updated_by,
        r1_0.version 
    from
        rules r1_0 
    where
        r1_0.rule_key=? 
        and r1_0.enabled
2026-03-29 17:22:47.752 [Test worker] DEBUG c.e.r.cache.RuleCacheService - 缓存未命中，从数据库加载启用规则: ruleKey=cache-perf-rule-20
2026-03-29 17:22:47.752 [Test worker] DEBUG org.hibernate.SQL - 
    select
        r1_0.id,
        r1_0.created_at,
        r1_0.created_by,
        r1_0.enabled,
        r1_0.groovy_script,
        r1_0.opt_lock_version,
        r1_0.rule_description,
        r1_0.rule_key,
        r1_0.rule_name,
        r1_0.status,
        r1_0.updated_at,
        r1_0.updated_by,
        r1_0.version 
    from
        rules r1_0 
    where
        r1_0.rule_key=? 
        and r1_0.enabled
Hibernate: 
    select
        r1_0.id,
        r1_0.created_at,
        r1_0.created_by,
        r1_0.enabled,
        r1_0.groovy_script,
        r1_0.opt_lock_version,
        r1_0.rule_description,
        r1_0.rule_key,
        r1_0.rule_name,
        r1_0.status,
        r1_0.updated_at,
        r1_0.updated_by,
        r1_0.version 
    from
        rules r1_0 
    where
        r1_0.rule_key=? 
        and r1_0.enabled
2026-03-29 17:22:47.754 [Test worker] INFO  c.e.r.cache.RuleCacheService - 清除所有缓存
]]></system-out>
  <system-err><![CDATA[]]></system-err>
</testsuite>
