<?xml version="1.0" encoding="UTF-8"?>
<testsuite name="边界条件测试" tests="2" skipped="0" failures="0" errors="0" timestamp="2026-03-29T09:22:55" hostname="m1" time="0.002">
  <properties/>
  <testcase name="不需要额外特征时直接返回" classname="com.example.ruleengine.service.FeatureProviderServiceTest$EdgeCaseTests" time="0.001"/>
  <testcase name="外部服务返回 null 时使用默认值" classname="com.example.ruleengine.service.FeatureProviderServiceTest$EdgeCaseTests" time="0.001"/>
  <system-out><![CDATA[2026-03-29 17:22:55.408 [ForkJoinPool.commonPool-worker-1] ERROR c.e.r.service.FeatureProviderService - Failed to call external feature platform
org.mockito.exceptions.misusing.PotentialStubbingProblem: 
Strict stubbing argument mismatch. Please check:
 - this invocation of 'postForObject' method:
    restTemplate.postForObject(
    "http://feature-platform/api/features",
    [user_age],
    interface java.util.Map
);
    -> at com.example.ruleengine.service.FeatureProviderService.fetchExternalFeatures(FeatureProviderService.java:150)
 - has following stubbing(s) with different arguments:
    1. restTemplate.postForObject(null, null, null);
      -> at com.example.ruleengine.service.FeatureProviderServiceTest$EdgeCaseTests.shouldFallbackWhenExternalReturnsNull(FeatureProviderServiceTest.java:227)
Typically, stubbing argument mismatch indicates user mistake when writing tests.
Mockito fails early so that you can debug potential problem easily.
However, there are legit scenarios when this exception generates false negative signal:
  - stubbing the same method multiple times using 'given().will()' or 'when().then()' API
    Please use 'will().given()' or 'doReturn().when()' API for stubbing.
  - stubbed method is intentionally invoked with different arguments by code under test
    Please use default or 'silent' JUnit Rule (equivalent of Strictness.LENIENT).
For more information see javadoc for PotentialStubbingProblem class.
	at org.springframework.web.client.RestTemplate.postForObject(RestTemplate.java:504)
	at com.example.ruleengine.service.FeatureProviderService.fetchExternalFeatures(FeatureProviderService.java:150)
	at com.example.ruleengine.service.FeatureProviderService.lambda$fetchExternalFeaturesWithTimeout$4(FeatureProviderService.java:127)
	at java.base/java.util.concurrent.CompletableFuture$AsyncSupply.run(CompletableFuture.java:1768)
	at java.base/java.util.concurrent.CompletableFuture$AsyncSupply.exec(CompletableFuture.java:1760)
	at java.base/java.util.concurrent.ForkJoinTask.doExec(ForkJoinTask.java:373)
	at java.base/java.util.concurrent.ForkJoinPool$WorkQueue.topLevelExec(ForkJoinPool.java:1182)
	at java.base/java.util.concurrent.ForkJoinPool.scan(ForkJoinPool.java:1655)
	at java.base/java.util.concurrent.ForkJoinPool.runWorker(ForkJoinPool.java:1622)
	at java.base/java.util.concurrent.ForkJoinWorkerThread.run(ForkJoinWorkerThread.java:165)
2026-03-29 17:22:55.409 [Test worker] DEBUG c.e.r.service.FeatureProviderService - Used default values for features: [user_age]
]]></system-out>
  <system-err><![CDATA[]]></system-err>
</testsuite>
